# batch      l2_tst    l2_trn    l2_e_tst  l2_e_trn    l2_f_tst  l2_f_trn         lr
      0    2.05e+01  2.06e+01    4.98e+00  4.98e+00    6.33e-01  6.38e-01    1.0e-03
   1000    1.41e+01  1.37e+01    1.39e-01  1.39e-01    4.46e-01  4.34e-01    1.0e-03
   2000    1.10e+01  1.26e+01    5.60e-02  6.41e-02    3.52e-01  4.04e-01    9.8e-04
   3000    1.04e+01  1.13e+01    7.72e-02  8.25e-02    3.32e-01  3.63e-01    9.8e-04
   4000    8.43e+00  7.92e+00    1.01e-01  1.04e-01    2.73e-01  2.56e-01    9.5e-04
   5000    7.49e+00  6.41e+00    1.15e-02  1.26e-02    2.42e-01  2.07e-01    9.5e-04
   6000    6.53e+00  5.55e+00    7.39e-02  7.69e-02    2.13e-01  1.81e-01    9.3e-04
   7000    7.41e+00  5.77e+00    4.50e-02  4.05e-02    2.42e-01  1.89e-01    9.3e-04
   8000    5.67e+00  4.51e+00    6.06e-02  6.15e-02    1.87e-01  1.49e-01    9.1e-04
   9000    6.74e+00  7.17e+00    2.56e-02  2.29e-02    2.23e-01  2.37e-01    9.1e-04
  10000    5.44e+00  5.37e+00    2.11e-02  2.25e-02    1.82e-01  1.80e-01    8.9e-04
  11000    6.77e+00  6.05e+00    1.89e-02  1.18e-02    2.27e-01  2.03e-01    8.9e-04
  12000    8.16e+00  6.78e+00    3.76e-02  3.81e-02    2.76e-01  2.29e-01    8.7e-04
  13000    4.90e+00  5.03e+00    2.03e-02  2.18e-02    1.66e-01  1.70e-01    8.7e-04
  14000    5.54e+00  4.90e+00    2.94e-05  5.69e-03    1.90e-01  1.68e-01    8.5e-04
  15000    5.23e+00  5.38e+00    3.50e-02  3.81e-02    1.79e-01  1.84e-01    8.5e-04
  16000    3.92e+00  5.47e+00    3.42e-02  3.03e-02    1.36e-01  1.89e-01    8.3e-04
  17000    3.97e+00  4.98e+00    3.36e-02  3.72e-02    1.37e-01  1.72e-01    8.3e-04
  18000    4.40e+00  4.27e+00    6.73e-03  1.07e-02    1.54e-01  1.50e-01    8.1e-04
  19000    4.66e+00  5.36e+00    5.10e-02  5.13e-02    1.63e-01  1.88e-01    8.1e-04
  20000    4.67e+00  3.73e+00    2.60e-03  1.43e-03    1.66e-01  1.32e-01    7.9e-04
  21000    4.73e+00  4.34e+00    2.12e-02  2.03e-02    1.68e-01  1.54e-01    7.9e-04
  22000    5.59e+00  4.53e+00    3.23e-02  3.65e-02    2.00e-01  1.62e-01    7.8e-04
  23000    5.47e+00  4.87e+00    2.87e-03  7.45e-03    1.96e-01  1.75e-01    7.8e-04
  24000    4.61e+00  4.22e+00    4.42e-02  4.61e-02    1.67e-01  1.53e-01    7.6e-04
  25000    2.78e+00  3.04e+00    3.66e-02  3.70e-02    1.00e-01  1.10e-01    7.6e-04
  26000    4.11e+00  3.73e+00    7.40e-03  7.67e-03    1.51e-01  1.37e-01    7.4e-04
  27000    3.85e+00  2.81e+00    2.01e-02  2.31e-02    1.41e-01  1.03e-01    7.4e-04
  28000    3.66e+00  3.26e+00    2.39e-02  2.73e-02    1.36e-01  1.21e-01    7.2e-04
  29000    3.07e+00  3.29e+00    2.09e-02  1.73e-02    1.14e-01  1.22e-01    7.2e-04
  30000    4.23e+00  4.72e+00    2.68e-02  2.84e-02    1.59e-01  1.77e-01    7.1e-04
  31000    3.99e+00  4.32e+00    1.86e-02  2.45e-02    1.50e-01  1.62e-01    7.1e-04
  32000    4.02e+00  4.00e+00    2.22e-02  1.89e-02    1.52e-01  1.52e-01    6.9e-04
  33000    4.77e+00  3.67e+00    1.72e-04  7.96e-04    1.81e-01  1.40e-01    6.9e-04
  34000    3.17e+00  4.18e+00    3.47e-02  3.17e-02    1.21e-01  1.60e-01    6.8e-04
  35000    3.05e+00  2.77e+00    1.04e-02  1.20e-02    1.17e-01  1.07e-01    6.8e-04
  36000    2.80e+00  2.84e+00    2.87e-03  5.68e-03    1.09e-01  1.10e-01    6.6e-04
  37000    3.54e+00  4.11e+00    7.01e-03  9.88e-03    1.38e-01  1.60e-01    6.6e-04
  38000    2.40e+00  2.71e+00    8.34e-03  7.24e-03    9.42e-02  1.07e-01    6.5e-04
  39000    3.83e+00  3.58e+00    5.63e-03  6.06e-03    1.51e-01  1.41e-01    6.5e-04
  40000    3.98e+00  4.26e+00    1.45e-02  1.31e-02    1.58e-01  1.70e-01    6.3e-04
  41000    3.13e+00  2.43e+00    5.13e-03  6.10e-03    1.24e-01  9.68e-02    6.3e-04
  42000    2.23e+00  2.49e+00    2.27e-02  1.83e-02    8.94e-02  1.00e-01    6.2e-04
  43000    2.82e+00  2.43e+00    2.33e-03  1.63e-03    1.13e-01  9.80e-02    6.2e-04
  44000    2.00e+00  2.07e+00    2.59e-02  2.27e-02    8.06e-02  8.38e-02    6.0e-04
  45000    2.48e+00  2.81e+00    1.01e-03  1.27e-03    1.01e-01  1.14e-01    6.0e-04
  46000    2.76e+00  2.28e+00    1.40e-02  1.77e-02    1.13e-01  9.35e-02    5.9e-04
  47000    3.03e+00  3.20e+00    1.79e-02  1.81e-02    1.25e-01  1.31e-01    5.9e-04
  48000    2.84e+00  2.13e+00    1.13e-02  9.98e-03    1.18e-01  8.86e-02    5.8e-04
  49000    2.28e+00  2.71e+00    1.11e-02  6.65e-03    9.48e-02  1.13e-01    5.8e-04
  50000    2.54e+00  2.07e+00    1.25e-02  1.12e-02    1.07e-01  8.70e-02    5.6e-04
  51000    2.67e+00  2.16e+00    4.80e-03  7.49e-03    1.13e-01  9.09e-02    5.6e-04
  52000    2.76e+00  2.49e+00    1.21e-02  1.13e-02    1.17e-01  1.06e-01    5.5e-04
  53000    2.74e+00  2.76e+00    1.56e-02  1.90e-02    1.16e-01  1.17e-01    5.5e-04
  54000    2.35e+00  3.34e+00    1.53e-02  3.77e-03    1.01e-01  1.44e-01    5.4e-04
  55000    2.48e+00  2.34e+00    3.22e-02  3.07e-02    1.06e-01  9.97e-02    5.4e-04
  56000    2.34e+00  2.01e+00    2.10e-02  1.92e-02    1.02e-01  8.69e-02    5.2e-04
  57000    2.33e+00  2.68e+00    1.07e-02  8.14e-03    1.01e-01  1.17e-01    5.2e-04
  58000    2.09e+00  1.85e+00    1.97e-02  1.99e-02    9.16e-02  8.08e-02    5.1e-04
  59000    1.62e+00  2.14e+00    1.30e-02  1.36e-02    7.12e-02  9.42e-02    5.1e-04
  60000    2.21e+00  2.18e+00    3.90e-03  4.15e-03    9.85e-02  9.71e-02    5.0e-04
  61000    2.05e+00  1.92e+00    1.22e-03  5.74e-05    9.16e-02  8.55e-02    5.0e-04
  62000    2.75e+00  1.81e+00    1.47e-02  1.48e-02    1.24e-01  8.14e-02    4.9e-04
  63000    2.55e+00  2.27e+00    8.75e-04  1.30e-03    1.15e-01  1.03e-01    4.9e-04
  64000    3.16e+00  2.71e+00    9.30e-03  5.37e-03    1.44e-01  1.24e-01    4.8e-04
  65000    2.51e+00  2.44e+00    7.00e-04  3.12e-04    1.15e-01  1.12e-01    4.8e-04
  66000    2.61e+00  2.41e+00    2.84e-02  2.85e-02    1.20e-01  1.10e-01    4.7e-04
  67000    2.66e+00  2.03e+00    2.26e-02  2.24e-02    1.22e-01  9.26e-02    4.7e-04
  68000    1.44e+00  1.99e+00    6.20e-03  3.78e-03    6.74e-02  9.29e-02    4.6e-04
  69000    1.84e+00  1.52e+00    4.98e-03  3.33e-03    8.58e-02  7.12e-02    4.6e-04
  70000    2.08e+00  1.65e+00    2.34e-03  3.95e-03    9.85e-02  7.80e-02    4.5e-04
  71000    2.19e+00  1.77e+00    8.07e-03  7.68e-03    1.03e-01  8.36e-02    4.5e-04
  72000    2.65e+00  2.14e+00    1.26e-02  1.09e-02    1.27e-01  1.02e-01    4.4e-04
  73000    2.02e+00  2.08e+00    1.30e-02  1.17e-02    9.63e-02  9.94e-02    4.4e-04
  74000    1.86e+00  2.03e+00    2.44e-02  2.36e-02    8.85e-02  9.70e-02    4.3e-04
  75000    1.73e+00  2.03e+00    1.72e-02  1.35e-02    8.27e-02  9.78e-02    4.3e-04
  76000    1.93e+00  2.08e+00    9.20e-03  1.11e-03    9.41e-02  1.02e-01    4.2e-04
  77000    2.19e+00  2.09e+00    6.29e-03  4.69e-03    1.07e-01  1.02e-01    4.2e-04
  78000    2.14e+00  1.81e+00    2.51e-02  2.50e-02    1.05e-01  8.79e-02    4.1e-04
  79000    1.49e+00  1.81e+00    1.35e-02  1.20e-02    7.31e-02  8.95e-02    4.1e-04
  80000    1.91e+00  1.77e+00    8.29e-03  8.11e-03    9.52e-02  8.86e-02    4.0e-04
  81000    2.35e+00  1.88e+00    9.46e-03  1.12e-02    1.17e-01  9.38e-02    4.0e-04
  82000    1.38e+00  1.65e+00    3.50e-04  1.79e-03    6.99e-02  8.34e-02    3.9e-04
  83000    2.34e+00  2.45e+00    6.72e-03  4.60e-03    1.19e-01  1.24e-01    3.9e-04
  84000    2.43e+00  2.50e+00    2.02e-02  2.18e-02    1.24e-01  1.27e-01    3.8e-04
  85000    2.21e+00  2.02e+00    1.24e-02  1.59e-02    1.13e-01  1.03e-01    3.8e-04
  86000    1.33e+00  1.46e+00    2.53e-04  1.03e-03    6.87e-02  7.58e-02    3.7e-04
  87000    2.49e+00  1.91e+00    1.04e-02  1.16e-02    1.29e-01  9.87e-02    3.7e-04
  88000    1.68e+00  1.51e+00    4.03e-03  1.45e-03    8.83e-02  7.91e-02    3.6e-04
  89000    1.29e+00  1.74e+00    2.35e-04  4.86e-04    6.74e-02  9.14e-02    3.6e-04
  90000    1.97e+00  1.85e+00    4.45e-03  1.43e-03    1.04e-01  9.80e-02    3.5e-04
  91000    1.19e+00  1.49e+00    1.61e-03  1.04e-03    6.29e-02  7.90e-02    3.5e-04
  92000    1.84e+00  2.26e+00    2.82e-03  5.69e-04    9.87e-02  1.21e-01    3.5e-04
  93000    2.31e+00  1.53e+00    2.42e-02  2.59e-02    1.23e-01  7.97e-02    3.5e-04
  94000    1.70e+00  1.96e+00    5.25e-03  3.62e-03    9.20e-02  1.06e-01    3.4e-04
  95000    1.46e+00  1.42e+00    4.45e-03  2.09e-03    7.94e-02  7.71e-02    3.4e-04
  96000    1.61e+00  2.26e+00    6.24e-03  4.80e-03    8.83e-02  1.24e-01    3.3e-04
  97000    1.95e+00  2.21e+00    3.20e-02  3.24e-02    1.04e-01  1.18e-01    3.3e-04
  98000    2.04e+00  1.79e+00    7.43e-03  7.70e-03    1.13e-01  9.91e-02    3.2e-04
  99000    1.72e+00  1.77e+00    5.31e-03  4.34e-03    9.52e-02  9.82e-02    3.2e-04
 100000    1.05e+00  1.42e+00    4.45e-03  5.31e-03    5.86e-02  7.95e-02    3.2e-04
 101000    1.42e+00  1.48e+00    6.87e-03  9.84e-03    7.94e-02  8.27e-02    3.2e-04
 102000    1.56e+00  1.43e+00    1.34e-02  1.04e-02    8.78e-02  8.11e-02    3.1e-04
 103000    1.53e+00  1.65e+00    6.72e-03  4.21e-03    8.65e-02  9.38e-02    3.1e-04
 104000    1.10e+00  1.07e+00    8.27e-03  8.79e-03    6.29e-02  6.12e-02    3.0e-04
 105000    1.78e+00  1.99e+00    1.72e-02  1.73e-02    1.01e-01  1.13e-01    3.0e-04
 106000    1.67e+00  1.56e+00    2.62e-02  2.71e-02    9.42e-02  8.75e-02    3.0e-04
 107000    1.89e+00  2.23e+00    9.72e-03  1.46e-02    1.10e-01  1.29e-01    3.0e-04
 108000    1.48e+00  1.86e+00    9.84e-03  7.56e-03    8.70e-02  1.09e-01    2.9e-04
 109000    1.00e+00  9.31e-01    5.00e-03  1.99e-03    5.88e-02  5.47e-02    2.9e-04
 110000    2.15e+00  1.62e+00    2.27e-03  3.55e-03    1.28e-01  9.61e-02    2.8e-04
 111000    1.19e+00  1.42e+00    3.10e-03  9.43e-04    7.09e-02  8.43e-02    2.8e-04
 112000    1.25e+00  1.30e+00    8.59e-04  1.29e-03    7.52e-02  7.80e-02    2.8e-04
 113000    1.58e+00  1.63e+00    3.49e-03  5.03e-03    9.50e-02  9.82e-02    2.8e-04
 114000    1.65e+00  1.59e+00    2.50e-02  2.57e-02    9.77e-02  9.36e-02    2.7e-04
 115000    1.19e+00  1.17e+00    2.10e-03  2.86e-03    7.26e-02  7.14e-02    2.7e-04
 116000    1.35e+00  1.21e+00    1.03e-02  9.63e-03    8.22e-02  7.42e-02    2.6e-04
 117000    1.16e+00  1.16e+00    4.78e-03  4.37e-03    7.12e-02  7.10e-02    2.6e-04
 118000    1.41e+00  1.44e+00    6.46e-03  4.54e-03    8.78e-02  8.97e-02    2.6e-04
 119000    1.25e+00  1.22e+00    2.27e-03  1.60e-03    7.80e-02  7.59e-02    2.6e-04
 120000    1.48e+00  1.22e+00    8.47e-03  8.68e-03    9.29e-02  7.62e-02    2.5e-04
 121000    1.40e+00  1.22e+00    4.32e-03  2.95e-03    8.80e-02  7.71e-02    2.5e-04
 122000    1.66e+00  1.70e+00    1.29e-03  4.59e-03    1.06e-01  1.09e-01    2.5e-04
 123000    1.12e+00  1.12e+00    4.69e-03  4.90e-03    7.11e-02  7.15e-02    2.5e-04
 124000    1.41e+00  1.27e+00    1.00e-02  8.99e-03    9.01e-02  8.15e-02    2.4e-04
 125000    1.18e+00  1.22e+00    4.07e-03  3.76e-03    7.58e-02  7.84e-02    2.4e-04
 126000    8.95e-01  1.04e+00    2.16e-03  6.22e-04    5.83e-02  6.81e-02    2.3e-04
 127000    1.42e+00  1.14e+00    9.34e-03  1.24e-02    9.23e-02  7.31e-02    2.3e-04
 128000    1.12e+00  1.13e+00    4.96e-03  6.82e-03    7.37e-02  7.42e-02    2.3e-04
 129000    1.50e+00  1.35e+00    9.22e-03  9.88e-03    9.84e-02  8.85e-02    2.3e-04
 130000    1.37e+00  1.66e+00    2.18e-03  4.05e-04    9.13e-02  1.10e-01    2.2e-04
 131000    1.05e+00  1.24e+00    2.44e-03  3.41e-03    6.98e-02  8.28e-02    2.2e-04
 132000    1.00e+00  1.11e+00    3.69e-03  5.16e-03    6.74e-02  7.46e-02    2.2e-04
 133000    1.53e+00  9.91e-01    1.59e-02  1.69e-02    1.02e-01  6.45e-02    2.2e-04
 134000    1.39e+00  1.25e+00    8.32e-03  8.76e-03    9.43e-02  8.45e-02    2.1e-04
 135000    1.45e+00  1.37e+00    1.70e-02  1.47e-02    9.72e-02  9.24e-02    2.1e-04
 136000    9.43e-01  9.60e-01    4.57e-03  4.06e-03    6.49e-02  6.61e-02    2.1e-04
 137000    1.49e+00  1.43e+00    1.33e-02  1.40e-02    1.02e-01  9.74e-02    2.1e-04
 138000    1.16e+00  1.10e+00    1.37e-02  1.20e-02    7.96e-02  7.57e-02    2.0e-04
 139000    9.13e-01  1.05e+00    1.53e-02  1.05e-02    6.15e-02  7.24e-02    2.0e-04
 140000    9.16e-01  8.49e-01    2.76e-03  3.29e-03    6.46e-02  5.99e-02    2.0e-04
 141000    8.16e-01  8.54e-01    2.02e-03  9.51e-04    5.76e-02  6.03e-02    2.0e-04
 142000    8.52e-01  9.15e-01    1.09e-02  1.40e-02    5.99e-02  6.38e-02    1.9e-04
 143000    8.44e-01  7.87e-01    6.99e-03  2.87e-03    5.99e-02  5.62e-02    1.9e-04
 144000    1.17e+00  1.32e+00    5.26e-03  5.22e-03    8.45e-02  9.56e-02    1.9e-04
 145000    1.05e+00  1.08e+00    9.26e-03  7.78e-03    7.52e-02  7.74e-02    1.9e-04
 146000    8.69e-01  9.18e-01    4.02e-04  1.41e-03    6.35e-02  6.71e-02    1.9e-04
 147000    1.11e+00  9.21e-01    1.18e-02  1.37e-02    7.98e-02  6.56e-02    1.9e-04
 148000    1.03e+00  9.71e-01    3.19e-03  2.73e-03    7.58e-02  7.17e-02    1.8e-04
 149000    9.00e-01  9.47e-01    4.89e-03  4.30e-03    6.63e-02  6.98e-02    1.8e-04
 150000    1.20e+00  1.30e+00    2.21e-02  2.26e-02    8.56e-02  9.31e-02    1.8e-04
 151000    7.18e-01  8.95e-01    3.85e-03  3.05e-03    5.36e-02  6.69e-02    1.8e-04
 152000    1.17e+00  1.26e+00    1.23e-02  1.13e-02    8.76e-02  9.44e-02    1.7e-04
 153000    1.30e+00  1.16e+00    7.99e-03  1.02e-02    9.80e-02  8.71e-02    1.7e-04
 154000    1.10e+00  1.25e+00    2.90e-03  2.13e-03    8.39e-02  9.58e-02    1.7e-04
 155000    1.15e+00  1.11e+00    1.02e-03  2.34e-04    8.79e-02  8.52e-02    1.7e-04
 156000    9.86e-01  8.68e-01    1.70e-02  1.70e-02    7.34e-02  6.38e-02    1.7e-04
 157000    7.72e-01  7.40e-01    7.74e-03  6.53e-03    5.91e-02  5.68e-02    1.7e-04
 158000    7.61e-01  8.76e-01    6.27e-03  5.45e-03    5.91e-02  6.83e-02    1.6e-04
 159000    7.47e-01  1.04e+00    2.59e-03  7.93e-03    5.84e-02  8.10e-02    1.6e-04
 160000    8.27e-01  7.53e-01    3.17e-05  2.71e-04    6.55e-02  5.97e-02    1.6e-04
 161000    8.92e-01  8.63e-01    1.32e-03  4.04e-04    7.06e-02  6.84e-02    1.6e-04
 162000    1.04e+00  7.18e-01    3.00e-03  2.30e-03    8.29e-02  5.75e-02    1.5e-04
 163000    1.28e+00  9.39e-01    1.04e-03  6.39e-04    1.03e-01  7.53e-02    1.5e-04
 164000    8.86e-01  8.58e-01    9.41e-04  5.45e-04    7.18e-02  6.95e-02    1.5e-04
 165000    8.08e-01  8.54e-01    2.06e-03  2.79e-03    6.54e-02  6.92e-02    1.5e-04
 166000    7.52e-01  8.76e-01    4.36e-03  2.57e-03    6.14e-02  7.18e-02    1.5e-04
 167000    8.73e-01  8.81e-01    7.51e-03  8.79e-03    7.09e-02  7.13e-02    1.5e-04
 168000    1.07e+00  9.59e-01    3.39e-03  7.84e-04    8.84e-02  7.95e-02    1.4e-04
 169000    8.01e-01  1.12e+00    9.98e-03  1.33e-02    6.51e-02  9.11e-02    1.4e-04
 170000    1.31e+00  8.12e-01    2.61e-02  2.38e-02    1.04e-01  5.98e-02    1.4e-04
 171000    8.75e-01  8.96e-01    5.36e-03  4.33e-03    7.30e-02  7.50e-02    1.4e-04
 172000    1.02e+00  9.00e-01    3.88e-03  4.74e-03    8.64e-02  7.61e-02    1.4e-04
 173000    7.81e-01  8.27e-01    8.63e-04  4.87e-04    6.63e-02  7.01e-02    1.4e-04
 174000    9.39e-01  1.09e+00    3.59e-03  4.09e-03    8.04e-02  9.36e-02    1.3e-04
 175000    7.65e-01  1.00e+00    1.30e-02  1.28e-02    6.34e-02  8.44e-02    1.3e-04
 176000    1.12e+00  7.08e-01    2.41e-03  2.84e-03    9.73e-02  6.14e-02    1.3e-04
 177000    6.64e-01  6.71e-01    1.68e-03  6.29e-04    5.76e-02  5.82e-02    1.3e-04
 178000    6.35e-01  7.47e-01    1.47e-04  1.66e-03    5.58e-02  6.55e-02    1.3e-04
 179000    8.53e-01  7.73e-01    4.64e-03  3.19e-03    7.46e-02  6.77e-02    1.3e-04
 180000    6.19e-01  7.24e-01    1.26e-03  3.34e-03    5.50e-02  6.42e-02    1.3e-04
 181000    7.87e-01  7.78e-01    4.52e-03  2.12e-03    6.96e-02  6.90e-02    1.3e-04
 182000    7.27e-01  7.22e-01    6.82e-03  9.25e-03    6.45e-02  6.34e-02    1.2e-04
 183000    8.97e-01  7.21e-01    1.32e-03  4.65e-04    8.06e-02  6.47e-02    1.2e-04
 184000    6.80e-01  6.75e-01    1.68e-03  1.86e-03    6.18e-02  6.13e-02    1.2e-04
 185000    7.28e-01  9.45e-01    9.66e-03  1.13e-02    6.45e-02  8.41e-02    1.2e-04
 186000    7.16e-01  8.31e-01    2.98e-03  2.61e-03    6.57e-02  7.63e-02    1.2e-04
 187000    8.62e-01  7.50e-01    1.84e-02  1.77e-02    7.41e-02  6.34e-02    1.2e-04
 188000    8.61e-01  7.44e-01    1.86e-02  2.01e-02    7.43e-02  6.11e-02    1.1e-04
 189000    5.23e-01  5.27e-01    5.72e-03  2.84e-03    4.80e-02  4.88e-02    1.1e-04
 190000    6.26e-01  5.66e-01    6.48e-03  4.30e-03    5.81e-02  5.29e-02    1.1e-04
 191000    8.55e-01  8.39e-01    1.34e-02  1.34e-02    7.74e-02  7.58e-02    1.1e-04
 192000    7.94e-01  6.41e-01    4.13e-04  3.66e-04    7.56e-02  6.10e-02    1.1e-04
 193000    6.71e-01  7.61e-01    1.35e-02  1.39e-02    5.99e-02  6.87e-02    1.1e-04
 194000    6.09e-01  7.13e-01    9.21e-03  1.03e-02    5.67e-02  6.66e-02    1.1e-04
 195000    6.53e-01  9.18e-01    4.89e-03  6.85e-03    6.23e-02  8.76e-02    1.1e-04
 196000    7.85e-01  8.62e-01    5.30e-04  1.58e-03    7.64e-02  8.38e-02    1.0e-04
 197000    6.69e-01  6.57e-01    1.75e-03  1.20e-03    6.50e-02  6.39e-02    1.0e-04
 198000    6.38e-01  5.74e-01    1.39e-02  1.37e-02    5.86e-02  5.19e-02    1.0e-04
 199000    7.22e-01  6.25e-01    6.09e-03  5.98e-03    7.04e-02  6.07e-02    1.0e-04
 200000    5.74e-01  6.73e-01    3.24e-04  2.31e-03    5.72e-02  6.69e-02    1.0e-04
 201000    6.18e-01  4.99e-01    6.89e-04  1.37e-03    6.15e-02  4.96e-02    1.0e-04
 202000    5.97e-01  5.44e-01    2.16e-03  2.29e-03    6.00e-02  5.46e-02    9.8e-05
 203000    5.70e-01  5.19e-01    4.32e-03  2.57e-03    5.70e-02  5.21e-02    9.8e-05
 204000    9.65e-01  6.45e-01    1.74e-02  1.47e-02    9.37e-02  6.07e-02    9.5e-05
 205000    6.36e-01  6.42e-01    2.16e-03  1.44e-03    6.47e-02  6.53e-02    9.5e-05
 206000    8.87e-01  5.95e-01    1.92e-03  1.95e-03    9.13e-02  6.12e-02    9.3e-05
 207000    5.80e-01  5.54e-01    8.11e-03  8.60e-03    5.81e-02  5.52e-02    9.3e-05
 208000    9.59e-01  8.87e-01    1.52e-02  1.52e-02    9.63e-02  8.85e-02    9.1e-05
 209000    5.34e-01  9.23e-01    1.12e-02  1.40e-02    5.24e-02  9.33e-02    9.1e-05
 210000    6.10e-01  5.54e-01    4.59e-04  2.68e-03    6.42e-02  5.82e-02    8.9e-05
 211000    5.64e-01  4.80e-01    1.54e-03  7.30e-04    5.94e-02  5.06e-02    8.9e-05
 212000    9.06e-01  1.06e+00    2.56e-03  6.48e-03    9.65e-02  1.12e-01    8.7e-05
 213000    6.17e-01  7.78e-01    9.75e-05  1.47e-03    6.58e-02  8.29e-02    8.7e-05
 214000    5.75e-01  9.93e-01    3.34e-04  2.39e-03    6.20e-02  1.07e-01    8.5e-05
 215000    8.76e-01  7.39e-01    2.43e-04  2.94e-05    9.44e-02  7.97e-02    8.5e-05
 216000    5.20e-01  5.43e-01    1.86e-03  2.39e-03    5.66e-02  5.90e-02    8.3e-05
 217000    5.02e-01  5.83e-01    2.19e-03  4.41e-03    5.47e-02  6.32e-02    8.3e-05
 218000    5.25e-01  4.58e-01    3.18e-03  3.51e-03    5.76e-02  5.01e-02    8.1e-05
 219000    8.77e-01  6.49e-01    7.06e-04  2.28e-03    9.67e-02  7.14e-02    8.1e-05
 220000    6.46e-01  6.34e-01    4.83e-03  4.44e-03    7.15e-02  7.02e-02    7.9e-05
 221000    5.27e-01  8.03e-01    1.41e-03  2.38e-03    5.87e-02  8.95e-02    7.9e-05
 222000    5.49e-01  4.06e-01    2.37e-03  2.71e-03    6.17e-02  4.55e-02    7.8e-05
 223000    6.62e-01  6.88e-01    5.45e-03  4.14e-03    7.41e-02  7.72e-02    7.8e-05
 224000    6.37e-01  5.41e-01    6.67e-04  9.35e-06    7.27e-02  6.18e-02    7.6e-05
 225000    4.83e-01  6.80e-01    4.12e-03  3.79e-03    5.47e-02  7.73e-02    7.6e-05
 226000    5.62e-01  5.88e-01    8.82e-04  3.26e-03    6.49e-02  6.76e-02    7.4e-05
 227000    5.73e-01  6.43e-01    1.07e-03  2.14e-03    6.61e-02  7.41e-02    7.4e-05
 228000    5.90e-01  5.58e-01    1.95e-03  7.88e-04    6.88e-02  6.52e-02    7.2e-05
 229000    5.10e-01  7.57e-01    3.60e-03  3.63e-03    5.91e-02  8.81e-02    7.2e-05
 230000    4.74e-01  3.60e-01    2.77e-03  3.08e-03    5.57e-02  4.22e-02    7.1e-05
 231000    5.31e-01  5.62e-01    4.51e-03  3.14e-03    6.21e-02  6.61e-02    7.1e-05
 232000    5.93e-01  5.02e-01    7.06e-03  1.78e-03    6.95e-02  5.99e-02    6.9e-05
 233000    4.85e-01  5.55e-01    1.05e-02  1.08e-02    5.42e-02  6.29e-02    6.9e-05
 234000    5.97e-01  6.57e-01    9.30e-04  2.92e-05    7.20e-02  7.94e-02    6.8e-05
 235000    6.40e-01  5.70e-01    3.19e-03  2.09e-03    7.70e-02  6.87e-02    6.8e-05
 236000    4.24e-01  5.52e-01    2.98e-03  4.62e-03    5.15e-02  6.68e-02    6.6e-05
 237000    5.72e-01  7.76e-01    1.78e-03  3.98e-04    6.98e-02  9.48e-02    6.6e-05
 238000    8.03e-01  8.23e-01    2.44e-03  2.75e-03    9.91e-02  1.02e-01    6.5e-05
 239000    4.76e-01  3.86e-01    3.17e-04  3.52e-04    5.88e-02  4.76e-02    6.5e-05
 240000    6.24e-01  4.15e-01    4.47e-03  7.21e-03    7.73e-02  4.95e-02    6.3e-05
 241000    4.85e-01  5.57e-01    4.81e-03  5.63e-03    5.97e-02  6.86e-02    6.3e-05
 242000    4.80e-01  4.01e-01    2.50e-03  2.28e-03    6.05e-02  5.04e-02    6.2e-05
 243000    4.61e-01  4.93e-01    8.55e-03  1.01e-02    5.56e-02  5.88e-02    6.2e-05
 244000    4.78e-01  5.01e-01    9.56e-04  7.03e-04    6.10e-02  6.40e-02    6.0e-05
 245000    5.31e-01  5.37e-01    3.59e-03  5.32e-03    6.74e-02  6.76e-02    6.0e-05
 246000    4.77e-01  4.11e-01    8.78e-03  7.00e-03    5.92e-02  5.12e-02    5.9e-05
 247000    3.93e-01  4.79e-01    2.59e-03  3.00e-03    5.06e-02  6.17e-02    5.9e-05
 248000    4.43e-01  4.04e-01    1.20e-03  3.98e-03    5.79e-02  5.21e-02    5.8e-05
 249000    4.55e-01  5.54e-01    1.27e-03  3.12e-03    5.94e-02  7.21e-02    5.8e-05
 250000    4.12e-01  4.09e-01    6.18e-04  3.76e-04    5.45e-02  5.40e-02    5.6e-05
 251000    4.30e-01  4.77e-01    6.70e-04  2.44e-03    5.68e-02  6.28e-02    5.6e-05
 252000    4.51e-01  4.38e-01    4.87e-03  4.32e-03    5.94e-02  5.78e-02    5.5e-05
 253000    5.52e-01  3.99e-01    3.29e-03  5.54e-03    7.35e-02  5.20e-02    5.5e-05
 254000    4.19e-01  4.57e-01    3.70e-03  2.94e-03    5.61e-02  6.14e-02    5.4e-05
 255000    4.70e-01  3.34e-01    1.83e-03  1.74e-03    6.34e-02  4.49e-02    5.4e-05
 256000    4.77e-01  4.00e-01    1.35e-03  3.45e-03    6.51e-02  5.42e-02    5.2e-05
 257000    5.09e-01  3.80e-01    2.59e-03  1.73e-03    6.93e-02  5.19e-02    5.2e-05
 258000    3.94e-01  3.99e-01    1.44e-03  1.44e-03    5.45e-02  5.51e-02    5.1e-05
 259000    5.81e-01  7.53e-01    9.50e-03  9.89e-03    7.71e-02  1.01e-01    5.1e-05
 260000    3.94e-01  4.39e-01    2.20e-03  2.67e-03    5.48e-02  6.11e-02    5.0e-05
 261000    3.99e-01  4.31e-01    4.82e-03  2.06e-03    5.46e-02  6.01e-02    5.0e-05
 262000    4.39e-01  4.01e-01    9.16e-04  2.89e-03    6.20e-02  5.64e-02    4.9e-05
 263000    3.94e-01  4.41e-01    3.87e-03  2.66e-03    5.50e-02  6.20e-02    4.9e-05
 264000    3.83e-01  5.99e-01    2.62e-03  2.07e-03    5.45e-02  8.56e-02    4.8e-05
 265000    4.88e-01  4.52e-01    2.52e-03  1.02e-04    6.96e-02  6.47e-02    4.8e-05
 266000    6.58e-01  4.55e-01    1.08e-03  7.21e-04    9.52e-02  6.59e-02    4.7e-05
 267000    4.27e-01  5.34e-01    2.71e-03  6.92e-04    6.14e-02  7.72e-02    4.7e-05
 268000    6.42e-01  6.66e-01    6.24e-03  7.97e-03    9.26e-02  9.53e-02    4.6e-05
 269000    5.18e-01  4.55e-01    3.08e-03  7.82e-04    7.54e-02  6.66e-02    4.6e-05
 270000    6.41e-01  3.98e-01    5.87e-04  5.56e-04    9.49e-02  5.89e-02    4.5e-05
 271000    3.58e-01  3.39e-01    2.79e-03  2.90e-03    5.25e-02  4.97e-02    4.5e-05
 272000    3.94e-01  4.61e-01    2.33e-03  2.26e-03    5.87e-02  6.88e-02    4.4e-05
 273000    4.62e-01  4.39e-01    2.95e-03  2.31e-03    6.87e-02  6.55e-02    4.4e-05
 274000    3.50e-01  3.88e-01    3.86e-03  4.31e-03    5.22e-02  5.78e-02    4.3e-05
 275000    4.83e-01  3.53e-01    4.49e-03  5.94e-04    7.23e-02  5.35e-02    4.3e-05
 276000    4.18e-01  7.04e-01    2.52e-03  2.29e-03    6.37e-02  1.08e-01    4.2e-05
 277000    3.69e-01  3.35e-01    5.50e-04  1.17e-04    5.65e-02  5.14e-02    4.2e-05
 278000    3.49e-01  3.10e-01    3.11e-03  2.59e-03    5.34e-02  4.75e-02    4.1e-05
 279000    3.42e-01  4.70e-01    4.30e-03  4.75e-03    5.20e-02  7.18e-02    4.1e-05
 280000    3.77e-01  3.63e-01    8.75e-04  8.19e-04    5.91e-02  5.69e-02    4.0e-05
 281000    4.22e-01  4.10e-01    1.12e-03  7.82e-04    6.60e-02  6.42e-02    4.0e-05
 282000    3.79e-01  3.76e-01    4.84e-03  2.90e-03    5.86e-02  5.91e-02    3.9e-05
 283000    3.21e-01  3.70e-01    1.40e-03  3.22e-04    5.08e-02  5.87e-02    3.9e-05
 284000    4.12e-01  4.40e-01    7.51e-04  3.19e-03    6.59e-02  7.00e-02    3.8e-05
 285000    3.57e-01  4.15e-01    1.90e-03  3.04e-03    5.69e-02  6.61e-02    3.8e-05
 286000    4.06e-01  3.94e-01    3.27e-03  3.75e-03    6.51e-02  6.29e-02    3.7e-05
 287000    3.31e-01  3.53e-01    4.36e-03  2.80e-03    5.23e-02  5.67e-02    3.7e-05
 288000    3.24e-01  3.67e-01    3.80e-03  3.50e-03    5.22e-02  5.94e-02    3.6e-05
 289000    5.11e-01  6.03e-01    1.36e-02  9.71e-03    7.41e-02  9.49e-02    3.6e-05
 290000    3.51e-01  3.85e-01    2.08e-03  4.37e-04    5.79e-02  6.38e-02    3.5e-05
 291000    3.43e-01  3.69e-01    1.87e-03  2.77e-04    5.65e-02  6.11e-02    3.5e-05
 292000    3.36e-01  4.69e-01    7.00e-04  7.75e-04    5.63e-02  7.85e-02    3.5e-05
 293000    2.91e-01  3.65e-01    4.53e-04  5.41e-04    4.88e-02  6.12e-02    3.5e-05
 294000    2.86e-01  5.08e-01    2.25e-04  4.31e-04    4.84e-02  8.60e-02    3.4e-05
 295000    3.04e-01  3.05e-01    2.13e-03  3.17e-03    5.12e-02  5.09e-02    3.4e-05
 296000    4.06e-01  4.18e-01    3.16e-03  4.18e-03    6.90e-02  7.08e-02    3.3e-05
 297000    4.17e-01  4.37e-01    4.27e-03  4.70e-03    7.03e-02  7.37e-02    3.3e-05
 298000    4.09e-01  3.68e-01    3.17e-03  2.30e-03    7.02e-02  6.33e-02    3.2e-05
 299000    3.80e-01  3.18e-01    4.08e-05  8.08e-04    6.59e-02  5.51e-02    3.2e-05
 300000    3.40e-01  3.84e-01    3.32e-03  2.97e-03    5.87e-02  6.66e-02    3.2e-05
 301000    3.11e-01  3.02e-01    1.43e-03  2.82e-03    5.44e-02  5.23e-02    3.2e-05
 302000    3.41e-01  3.30e-01    5.93e-03  4.92e-03    5.74e-02  5.63e-02    3.1e-05
 303000    2.84e-01  3.93e-01    2.20e-03  3.32e-03    4.99e-02  6.90e-02    3.1e-05
 304000    3.24e-01  3.02e-01    1.03e-03  7.71e-04    5.79e-02  5.41e-02    3.0e-05
 305000    3.99e-01  4.85e-01    1.09e-03  1.97e-04    7.14e-02  8.70e-02    3.0e-05
 306000    3.79e-01  3.44e-01    1.07e-03  8.13e-04    6.86e-02  6.23e-02    3.0e-05
 307000    4.05e-01  3.90e-01    4.27e-03  2.71e-03    7.21e-02  7.01e-02    3.0e-05
 308000    2.65e-01  2.47e-01    1.83e-03  2.15e-03    4.83e-02  4.49e-02    2.9e-05
 309000    3.66e-01  2.90e-01    3.38e-03  2.52e-03    6.61e-02  5.24e-02    2.9e-05
 310000    2.85e-01  3.08e-01    2.21e-03  1.72e-04    5.24e-02  5.70e-02    2.8e-05
 311000    3.64e-01  4.52e-01    1.27e-03  1.72e-04    6.72e-02  8.38e-02    2.8e-05
 312000    3.02e-01  3.05e-01    1.27e-03  2.03e-04    5.65e-02  5.71e-02    2.8e-05
 313000    3.13e-01  3.25e-01    4.34e-05  2.04e-03    5.87e-02  6.05e-02    2.8e-05
 314000    3.67e-01  2.12e-01    2.43e-04  1.18e-03    6.94e-02  4.00e-02    2.7e-05
 315000    2.82e-01  2.87e-01    1.25e-03  3.33e-04    5.33e-02  5.43e-02    2.7e-05
 316000    3.59e-01  2.65e-01    1.20e-03  5.09e-04    6.86e-02  5.08e-02    2.6e-05
 317000    3.58e-01  3.40e-01    3.87e-03  5.17e-03    6.73e-02  6.26e-02    2.6e-05
 318000    4.74e-01  2.72e-01    3.70e-03  2.15e-03    9.09e-02  5.21e-02    2.6e-05
 319000    3.72e-01  5.91e-01    3.60e-03  7.29e-03    7.12e-02  1.12e-01    2.6e-05
 320000    3.24e-01  2.83e-01    8.11e-04  1.09e-04    6.33e-02  5.55e-02    2.5e-05
 321000    4.00e-01  5.70e-01    9.65e-03  1.19e-02    7.11e-02  1.04e-01    2.5e-05
 322000    3.08e-01  3.19e-01    1.10e-03  3.91e-03    6.09e-02  6.17e-02    2.5e-05
 323000    4.57e-01  3.38e-01    1.87e-03  2.45e-03    9.02e-02  6.64e-02    2.5e-05
 324000    2.85e-01  3.19e-01    3.11e-03  3.49e-03    5.59e-02  6.26e-02    2.4e-05
 325000    3.42e-01  4.19e-01    2.03e-03  3.71e-03    6.81e-02  8.27e-02    2.4e-05
 326000    2.76e-01  2.50e-01    1.72e-03  5.84e-04    5.56e-02  5.05e-02    2.3e-05
 327000    4.57e-01  3.08e-01    1.82e-03  4.55e-03    9.22e-02  6.03e-02    2.3e-05
 328000    2.47e-01  2.62e-01    1.50e-03  2.35e-03    5.04e-02  5.31e-02    2.3e-05
 329000    4.46e-01  3.36e-01    9.02e-04  9.69e-04    9.13e-02  6.87e-02    2.3e-05
 330000    4.37e-01  3.69e-01    5.00e-04  1.25e-03    9.03e-02  7.62e-02    2.2e-05
 331000    2.71e-01  3.36e-01    5.98e-03  5.67e-03    5.18e-02  6.64e-02    2.2e-05
 332000    2.86e-01  3.01e-01    2.70e-03  3.86e-03    5.90e-02  6.15e-02    2.2e-05
 333000    2.30e-01  2.37e-01    1.25e-03  1.89e-03    4.80e-02  4.91e-02    2.2e-05
 334000    2.68e-01  2.62e-01    7.59e-04  8.88e-04    5.66e-02  5.53e-02    2.1e-05
 335000    4.25e-01  3.35e-01    3.96e-03  2.12e-03    8.87e-02  7.03e-02    2.1e-05
 336000    4.23e-01  3.09e-01    3.85e-03  5.05e-03    8.92e-02  6.33e-02    2.1e-05
 337000    2.39e-01  2.67e-01    1.13e-03  5.97e-04    5.09e-02  5.71e-02    2.1e-05
 338000    4.29e-01  3.08e-01    2.11e-03  4.82e-03    9.23e-02  6.41e-02    2.0e-05
 339000    2.64e-01  3.32e-01    1.25e-03  3.03e-03    5.68e-02  7.10e-02    2.0e-05
 340000    4.18e-01  4.07e-01    2.54e-03  3.72e-03    9.09e-02  8.77e-02    2.0e-05
 341000    2.42e-01  2.33e-01    1.16e-03  6.04e-04    5.28e-02  5.08e-02    2.0e-05
 342000    2.98e-01  2.76e-01    2.59e-03  2.93e-03    6.50e-02  5.99e-02    1.9e-05
 343000    2.43e-01  1.89e-01    3.29e-03  3.03e-03    5.24e-02  4.01e-02    1.9e-05
 344000    2.45e-01  3.00e-01    2.34e-03  3.57e-03    5.41e-02  6.57e-02    1.9e-05
 345000    3.00e-01  2.78e-01    1.66e-03  1.69e-03    6.67e-02  6.17e-02    1.9e-05
 346000    4.03e-01  2.21e-01    4.43e-03  1.35e-03    8.94e-02  4.97e-02    1.9e-05
 347000    2.39e-01  2.35e-01    5.58e-04  4.29e-04    5.40e-02  5.30e-02    1.9e-05
 348000    2.31e-01  3.05e-01    1.07e-03  4.64e-04    5.27e-02  6.95e-02    1.8e-05
 349000    2.34e-01  1.98e-01    3.07e-03  3.40e-03    5.19e-02  4.30e-02    1.8e-05
 350000    2.48e-01  2.71e-01    4.52e-03  3.50e-03    5.47e-02  6.10e-02    1.8e-05
 351000    2.46e-01  3.31e-01    6.16e-04  1.36e-04    5.68e-02  7.64e-02    1.8e-05
 352000    2.89e-01  2.80e-01    1.61e-03  1.04e-03    6.70e-02  6.52e-02    1.7e-05
 353000    2.95e-01  2.95e-01    1.96e-03  1.96e-03    6.84e-02  6.84e-02    1.7e-05
 354000    2.41e-01  2.82e-01    1.53e-03  6.34e-04    5.64e-02  6.66e-02    1.7e-05
 355000    2.84e-01  3.68e-01    4.42e-03  4.18e-03    6.48e-02  8.52e-02    1.7e-05
 356000    2.69e-01  3.75e-01    3.31e-03  6.51e-03    6.29e-02  8.59e-02    1.7e-05
 357000    2.85e-01  2.46e-01    2.81e-03  1.10e-03    6.70e-02  5.85e-02    1.7e-05
 358000    2.11e-01  2.01e-01    4.09e-03  4.42e-03    4.84e-02  4.54e-02    1.6e-05
 359000    3.76e-01  3.49e-01    2.53e-03  2.97e-03    9.01e-02  8.31e-02    1.6e-05
 360000    2.15e-01  2.04e-01    9.85e-05  5.92e-04    5.23e-02  4.96e-02    1.6e-05
 361000    2.52e-01  2.01e-01    7.29e-04  8.12e-04    6.13e-02  4.89e-02    1.6e-05
 362000    1.94e-01  2.49e-01    3.18e-03  4.05e-05    4.63e-02  6.13e-02    1.5e-05
 363000    3.76e-01  4.70e-01    4.19e-03  4.73e-03    9.09e-02  1.14e-01    1.5e-05
 364000    3.62e-01  2.13e-01    3.88e-03  1.19e-03    8.86e-02  5.29e-02    1.5e-05
 365000    3.62e-01  2.95e-01    2.53e-03  8.83e-04    8.96e-02  7.33e-02    1.5e-05
 366000    2.22e-01  2.26e-01    3.88e-04  9.39e-04    5.58e-02  5.68e-02    1.5e-05
 367000    3.58e-01  2.71e-01    4.23e-04  3.34e-03    9.01e-02  6.66e-02    1.5e-05
 368000    2.61e-01  1.93e-01    1.11e-03  1.56e-03    6.62e-02  4.86e-02    1.4e-05
 369000    2.91e-01  3.43e-01    5.06e-03  8.26e-03    7.06e-02  7.92e-02    1.4e-05
 370000    2.44e-01  2.99e-01    4.01e-03  8.46e-05    6.03e-02  7.70e-02    1.4e-05
 371000    2.11e-01  2.28e-01    2.49e-03  8.36e-04    5.32e-02  5.86e-02    1.4e-05
 372000    2.65e-01  2.52e-01    3.00e-03  1.75e-03    6.74e-02  6.50e-02    1.4e-05
 373000    2.01e-01  1.60e-01    1.41e-03  1.62e-03    5.20e-02  4.08e-02    1.4e-05
 374000    1.98e-01  2.15e-01    1.22e-03  1.83e-03    5.18e-02  5.59e-02    1.3e-05
 375000    1.87e-01  2.21e-01    1.45e-03  9.04e-04    4.88e-02  5.80e-02    1.3e-05
 376000    3.44e-01  3.36e-01    2.25e-03  9.13e-05    9.09e-02  8.94e-02    1.3e-05
 377000    2.32e-01  2.46e-01    4.17e-03  3.94e-03    5.85e-02  6.28e-02    1.3e-05
 378000    3.39e-01  4.39e-01    3.13e-03  5.85e-03    8.98e-02  1.15e-01    1.3e-05
 379000    1.82e-01  2.24e-01    1.54e-03  9.06e-04    4.84e-02  5.99e-02    1.3e-05
 380000    3.34e-01  2.80e-01    3.10e-03  2.06e-03    8.96e-02  7.53e-02    1.3e-05
 381000    3.39e-01  2.99e-01    2.76e-03  2.41e-03    9.10e-02  8.04e-02    1.3e-05
 382000    1.81e-01  2.09e-01    7.47e-05  1.89e-04    4.95e-02  5.74e-02    1.2e-05
 383000    1.94e-01  1.82e-01    1.63e-03  4.64e-04    5.27e-02  5.00e-02    1.2e-05
 384000    1.95e-01  2.10e-01    2.40e-04  4.91e-04    5.41e-02  5.82e-02    1.2e-05
 385000    1.87e-01  2.86e-01    9.56e-04  3.42e-04    5.16e-02  7.91e-02    1.2e-05
 386000    3.30e-01  3.50e-01    6.24e-04  2.19e-03    9.23e-02  9.75e-02    1.2e-05
 387000    2.30e-01  2.24e-01    9.12e-04  1.66e-04    6.43e-02  6.29e-02    1.2e-05
 388000    1.87e-01  2.06e-01    3.08e-04  1.48e-03    5.29e-02  5.80e-02    1.1e-05
 389000    1.64e-01  2.23e-01    3.12e-04  2.11e-03    4.65e-02  6.24e-02    1.1e-05
 390000    2.52e-01  1.98e-01    4.32e-03  2.69e-03    6.91e-02  5.52e-02    1.1e-05
 391000    1.67e-01  1.76e-01    1.29e-03  7.83e-04    4.74e-02  5.02e-02    1.1e-05
 392000    2.48e-01  2.23e-01    4.79e-03  7.54e-03    6.78e-02  5.31e-02    1.1e-05
 393000    3.13e-01  2.40e-01    6.46e-04  2.16e-05    9.06e-02  6.95e-02    1.1e-05
 394000    1.67e-01  1.94e-01    8.79e-04  1.92e-03    4.88e-02  5.60e-02    1.1e-05
 395000    1.73e-01  2.05e-01    1.73e-03  1.02e-03    4.99e-02  5.99e-02    1.1e-05
 396000    2.00e-01  2.29e-01    3.63e-03  3.87e-03    5.59e-02  6.45e-02    1.0e-05
 397000    1.64e-01  1.41e-01    1.88e-03  1.26e-03    4.75e-02  4.12e-02    1.0e-05
 398000    2.34e-01  2.54e-01    1.88e-03  3.30e-03    6.93e-02  7.38e-02    1.0e-05
 399000    2.24e-01  2.60e-01    4.31e-04  2.03e-03    6.69e-02  7.70e-02    1.0e-05
 400000    2.23e-01  1.64e-01    4.12e-04  4.21e-04    6.72e-02  4.93e-02    1.0e-05
 401000    2.13e-01  1.91e-01    2.56e-03  1.65e-03    6.31e-02  5.71e-02    1.0e-05
 402000    2.44e-01  2.77e-01    3.99e-03  5.93e-03    7.13e-02  7.83e-02    9.8e-06
 403000    1.74e-01  1.78e-01    8.36e-04  1.17e-04    5.28e-02  5.43e-02    9.8e-06
 404000    1.57e-01  1.67e-01    1.24e-03  1.10e-03    4.79e-02  5.11e-02    9.5e-06
 405000    1.57e-01  2.62e-01    8.49e-04  1.24e-03    4.82e-02  8.05e-02    9.5e-06
 406000    2.10e-01  2.98e-01    7.96e-04  3.96e-04    6.51e-02  9.26e-02    9.3e-06
 407000    1.80e-01  1.90e-01    4.41e-04  1.59e-03    5.59e-02  5.86e-02    9.3e-06
 408000    1.80e-01  2.21e-01    3.13e-03  2.58e-03    5.38e-02  6.81e-02    9.1e-06
 409000    2.05e-01  2.88e-01    1.52e-03  1.52e-03    6.39e-02  9.02e-02    9.1e-06
 410000    1.69e-01  1.44e-01    2.14e-03  5.60e-04    5.23e-02  4.58e-02    8.9e-06
 411000    2.77e-01  2.63e-01    5.04e-04  9.66e-04    8.80e-02  8.33e-02    8.9e-06
 412000    1.70e-01  2.10e-01    1.92e-03  1.64e-03    5.37e-02  6.68e-02    8.7e-06
 413000    1.42e-01  1.50e-01    9.91e-04  6.55e-04    4.54e-02  4.81e-02    8.7e-06
 414000    1.48e-01  1.24e-01    4.65e-04  9.06e-04    4.78e-02  4.01e-02    8.5e-06
 415000    1.50e-01  1.86e-01    6.04e-04  1.55e-03    4.85e-02  5.97e-02    8.5e-06
 416000    1.70e-01  1.49e-01    1.54e-03  5.25e-04    5.51e-02  4.87e-02    8.3e-06
 417000    1.70e-01  1.84e-01    1.34e-03  5.24e-04    5.51e-02  6.03e-02    8.3e-06
 418000    1.73e-01  2.37e-01    2.62e-03  1.68e-03    5.54e-02  7.79e-02    8.1e-06
 419000    1.46e-01  1.32e-01    2.19e-03  1.49e-04    4.68e-02  4.37e-02    8.1e-06
 420000    1.98e-01  2.68e-01    4.42e-04  1.18e-03    6.61e-02  8.94e-02    7.9e-06
 421000    1.61e-01  1.76e-01    3.93e-03  4.76e-03    4.96e-02  5.31e-02    7.9e-06
 422000    1.68e-01  2.08e-01    2.67e-04  6.74e-04    5.69e-02  7.01e-02    7.8e-06
 423000    1.75e-01  1.80e-01    2.96e-03  1.44e-03    5.66e-02  6.01e-02    7.8e-06
 424000    1.93e-01  2.14e-01    1.57e-03  1.61e-03    6.52e-02  7.24e-02    7.6e-06
 425000    1.91e-01  2.22e-01    2.44e-03  7.77e-04    6.38e-02  7.57e-02    7.6e-06
 426000    1.51e-01  2.15e-01    4.75e-04  1.23e-03    5.20e-02  7.37e-02    7.4e-06
 427000    1.38e-01  1.80e-01    8.88e-04  4.43e-04    4.75e-02  6.19e-02    7.4e-06
 428000    1.55e-01  1.31e-01    1.84e-03  3.43e-04    5.30e-02  4.57e-02    7.2e-06
 429000    1.85e-01  2.07e-01    2.31e-03  1.83e-03    6.30e-02  7.13e-02    7.2e-06
 430000    1.85e-01  1.82e-01    7.13e-04  1.42e-03    6.50e-02  6.34e-02    7.1e-06
 431000    2.55e-01  2.08e-01    9.89e-04  2.70e-03    8.97e-02  7.13e-02    7.1e-06
 432000    2.11e-01  2.05e-01    4.02e-03  4.51e-03    7.05e-02  6.74e-02    6.9e-06
 433000    1.68e-01  1.90e-01    2.32e-03  2.09e-03    5.82e-02  6.63e-02    6.9e-06
 434000    1.80e-01  1.48e-01    8.11e-04  8.14e-04    6.44e-02  5.30e-02    6.8e-06
 435000    1.81e-01  1.65e-01    1.07e-03  2.54e-03    6.46e-02  5.73e-02    6.8e-06
 436000    1.48e-01  1.41e-01    3.70e-03  4.07e-03    4.91e-02  4.53e-02    6.6e-06
 437000    1.85e-01  1.76e-01    2.93e-03  2.17e-03    6.47e-02  6.24e-02    6.6e-06
 438000    1.49e-01  2.21e-01    1.13e-03  7.45e-04    5.41e-02  8.08e-02    6.5e-06
 439000    1.75e-01  1.90e-01    3.92e-04  1.02e-04    6.42e-02  6.95e-02    6.5e-06
 440000    1.48e-01  1.36e-01    3.91e-04  1.15e-03    5.45e-02  4.99e-02    6.3e-06
 441000    1.43e-01  1.36e-01    1.92e-03  9.68e-04    5.15e-02  5.01e-02    6.3e-06
 442000    2.39e-01  1.94e-01    1.16e-03  6.50e-04    8.91e-02  7.25e-02    6.2e-06
 443000    1.91e-01  2.07e-01    1.99e-03  2.54e-03    7.00e-02  7.56e-02    6.2e-06
 444000    1.81e-01  1.50e-01    3.56e-04  3.83e-03    6.82e-02  5.09e-02    6.0e-06
 445000    1.77e-01  1.48e-01    9.46e-04  4.84e-04    6.65e-02  5.57e-02    6.0e-06
 446000    1.78e-01  1.74e-01    1.13e-03  1.12e-03    6.74e-02  6.61e-02    5.9e-06
 447000    1.37e-01  1.24e-01    8.85e-04  5.55e-04    5.19e-02  4.73e-02    5.9e-06
 448000    1.35e-01  1.41e-01    4.98e-04  2.83e-04    5.18e-02  5.44e-02    5.8e-06
 449000    1.85e-01  2.07e-01    2.17e-03  2.23e-03    6.98e-02  7.82e-02    5.8e-06
 450000    1.22e-01  1.59e-01    4.67e-04  2.83e-04    4.73e-02  6.16e-02    5.6e-06
 451000    1.29e-01  1.59e-01    2.02e-03  2.21e-04    4.87e-02  6.19e-02    5.6e-06
 452000    2.36e-01  1.68e-01    3.47e-03  3.04e-03    8.94e-02  6.24e-02    5.5e-06
 453000    2.31e-01  2.20e-01    2.86e-03  4.19e-03    8.85e-02  8.13e-02    5.5e-06
 454000    1.59e-01  1.50e-01    2.82e-03  9.17e-04    6.02e-02  5.92e-02    5.4e-06
 455000    1.23e-01  1.46e-01    1.93e-03  5.04e-04    4.70e-02  5.79e-02    5.4e-06
 456000    1.51e-01  1.19e-01    2.73e-03  2.49e-03    5.74e-02  4.43e-02    5.2e-06
 457000    1.33e-01  1.48e-01    1.38e-03  2.53e-03    5.21e-02  5.65e-02    5.2e-06
 458000    1.65e-01  1.46e-01    1.14e-04  3.11e-04    6.65e-02  5.88e-02    5.1e-06
 459000    1.54e-01  1.09e-01    3.09e-03  1.45e-03    5.83e-02  4.28e-02    5.1e-06
 460000    1.35e-01  1.52e-01    1.39e-03  3.31e-04    5.42e-02  6.20e-02    5.0e-06
 461000    1.62e-01  1.46e-01    2.94e-04  1.00e-03    6.62e-02  5.89e-02    5.0e-06
 462000    1.53e-01  1.70e-01    3.58e-04  1.22e-03    6.28e-02  6.93e-02    4.9e-06
 463000    2.22e-01  1.71e-01    1.41e-03  1.95e-03    9.10e-02  6.90e-02    4.9e-06
 464000    1.27e-01  1.52e-01    6.60e-04  1.84e-03    5.24e-02  6.17e-02    4.8e-06
 465000    1.33e-01  1.69e-01    3.93e-04  2.06e-03    5.51e-02  6.85e-02    4.8e-06
 466000    1.47e-01  1.54e-01    3.59e-03  3.53e-03    5.62e-02  5.94e-02    4.7e-06
 467000    1.49e-01  1.33e-01    9.00e-04  1.39e-03    6.23e-02  5.49e-02    4.7e-06
 468000    1.22e-01  1.35e-01    1.16e-04  1.63e-03    5.18e-02  5.60e-02    4.6e-06
 469000    1.50e-01  1.60e-01    4.64e-04  8.08e-04    6.34e-02  6.76e-02    4.6e-06
 470000    1.58e-01  1.53e-01    3.34e-05  3.54e-06    6.77e-02  6.55e-02    4.5e-06
 471000    1.29e-01  1.25e-01    1.71e-03  1.15e-03    5.35e-02  5.28e-02    4.5e-06
 472000    1.29e-01  1.41e-01    1.20e-03  3.72e-03    5.52e-02  5.39e-02    4.4e-06
 473000    1.27e-01  1.43e-01    6.67e-04  1.28e-03    5.47e-02  6.08e-02    4.4e-06
 474000    2.10e-01  2.07e-01    1.11e-03  1.73e-04    9.13e-02  9.01e-02    4.3e-06
 475000    1.28e-01  1.82e-01    7.87e-04  1.22e-03    5.56e-02  7.88e-02    4.3e-06
 476000    1.27e-01  1.67e-01    4.33e-04  8.92e-04    5.59e-02  7.31e-02    4.2e-06
 477000    1.19e-01  1.39e-01    3.22e-03  2.33e-03    4.71e-02  5.90e-02    4.2e-06
 478000    1.30e-01  1.31e-01    4.42e-04  1.64e-03    5.76e-02  5.70e-02    4.1e-06
 479000    1.06e-01  1.20e-01    3.93e-04  8.43e-04    4.68e-02  5.31e-02    4.1e-06
 480000    1.31e-01  1.32e-01    9.65e-04  2.70e-04    5.84e-02  5.93e-02    4.0e-06
 481000    1.22e-01  1.55e-01    7.00e-04  2.50e-03    5.43e-02  6.69e-02    4.0e-06
 482000    2.01e-01  1.33e-01    1.82e-04  4.02e-04    9.07e-02  6.02e-02    3.9e-06
 483000    1.19e-01  1.72e-01    1.51e-03  1.20e-03    5.23e-02  7.74e-02    3.9e-06
 484000    1.98e-01  1.40e-01    4.82e-05  1.01e-03    9.04e-02  6.36e-02    3.8e-06
 485000    1.17e-01  1.22e-01    1.30e-03  2.83e-03    5.26e-02  5.16e-02    3.8e-06
 486000    1.45e-01  1.47e-01    5.61e-04  2.93e-03    6.65e-02  6.31e-02    3.7e-06
 487000    1.21e-01  1.04e-01    7.78e-04  5.46e-04    5.54e-02  4.77e-02    3.7e-06
 488000    1.06e-01  9.02e-02    1.71e-03  8.28e-04    4.77e-02  4.15e-02    3.6e-06
 489000    1.29e-01  1.33e-01    3.65e-03  3.61e-03    5.29e-02  5.49e-02    3.6e-06
 490000    1.45e-01  1.21e-01    1.00e-03  7.65e-04    6.75e-02  5.66e-02    3.5e-06
 491000    1.54e-01  1.63e-01    2.09e-03  1.90e-04    7.00e-02  7.65e-02    3.5e-06
 492000    1.43e-01  1.41e-01    7.30e-04  2.10e-04    6.76e-02  6.67e-02    3.5e-06
 493000    1.33e-01  1.71e-01    5.54e-04  2.46e-04    6.30e-02  8.08e-02    3.5e-06
 494000    1.34e-01  1.09e-01    3.21e-04  2.36e-03    6.39e-02  4.84e-02    3.4e-06
 495000    1.40e-01  1.33e-01    8.86e-04  1.12e-03    6.64e-02  6.28e-02    3.4e-06
 496000    1.09e-01  1.47e-01    9.18e-04  9.07e-04    5.17e-02  7.04e-02    3.3e-06
 497000    1.07e-01  1.18e-01    8.91e-04  1.11e-05    5.12e-02  5.68e-02    3.3e-06
 498000    1.86e-01  1.65e-01    1.37e-04  9.27e-05    9.06e-02  8.00e-02    3.2e-06
 499000    9.67e-02  1.23e-01    5.55e-05  1.49e-03    4.70e-02  5.86e-02    3.2e-06
 500000    1.09e-01  1.06e-01    1.12e-03  9.40e-04    5.26e-02  5.11e-02    3.2e-06
 501000    1.06e-01  9.81e-02    2.30e-03  1.26e-03    4.90e-02  4.71e-02    3.2e-06
 502000    1.81e-01  1.91e-01    1.26e-03  3.86e-03    8.89e-02  8.82e-02    3.1e-06
 503000    1.41e-01  1.65e-01    1.03e-03  1.10e-03    6.94e-02  8.09e-02    3.1e-06
 504000    1.82e-01  1.71e-01    1.19e-03  4.97e-03    9.04e-02  7.33e-02    3.0e-06
 505000    1.12e-01  1.30e-01    1.30e-03  5.81e-04    5.49e-02  6.46e-02    3.0e-06
 506000    9.77e-02  1.37e-01    1.86e-03  1.22e-03    4.68e-02  6.84e-02    3.0e-06
 507000    1.14e-01  1.25e-01    2.15e-03  1.12e-03    5.41e-02  6.19e-02    3.0e-06
 508000    1.22e-01  1.80e-01    2.64e-04  1.42e-03    6.19e-02  9.06e-02    2.9e-06
 509000    1.15e-01  1.51e-01    1.14e-03  1.86e-03    5.77e-02  7.48e-02    2.9e-06
 510000    1.77e-01  1.39e-01    2.01e-03  7.74e-05    8.88e-02  7.13e-02    2.8e-06
 511000    1.41e-01  1.30e-01    1.85e-03  2.36e-04    7.02e-02  6.67e-02    2.8e-06
 512000    1.07e-01  1.09e-01    5.66e-04  5.42e-04    5.49e-02  5.61e-02    2.8e-06
 513000    1.15e-01  9.74e-02    9.96e-04  7.22e-04    5.88e-02  4.99e-02    2.8e-06
 514000    1.02e-01  1.43e-01    6.86e-04  1.02e-03    5.26e-02  7.37e-02    2.7e-06
 515000    1.20e-01  1.12e-01    2.04e-04  2.32e-03    6.27e-02  5.48e-02    2.7e-06
 516000    1.24e-01  1.49e-01    8.67e-04  3.31e-03    6.44e-02  7.23e-02    2.6e-06
 517000    1.01e-01  9.74e-02    1.24e-03  2.12e-03    5.19e-02  4.72e-02    2.6e-06
 518000    9.03e-02  9.27e-02    6.35e-04  2.05e-04    4.75e-02  4.91e-02    2.6e-06
 519000    9.96e-02  9.61e-02    5.55e-04  1.34e-04    5.25e-02  5.08e-02    2.6e-06
 520000    1.24e-01  1.57e-01    4.71e-05  1.69e-03    6.61e-02  8.23e-02    2.5e-06
 521000    1.71e-01  1.05e-01    9.60e-04  1.24e-03    9.07e-02  5.48e-02    2.5e-06
 522000    1.66e-01  1.27e-01    4.44e-04  1.18e-03    8.93e-02  6.72e-02    2.5e-06
 523000    1.25e-01  1.08e-01    3.94e-04  6.55e-04    6.70e-02  5.78e-02    2.5e-06
 524000    9.16e-02  8.19e-02    1.80e-03  6.58e-05    4.72e-02  4.44e-02    2.4e-06
 525000    1.23e-01  1.72e-01    4.52e-04  1.26e-03    6.68e-02  9.27e-02    2.4e-06
 526000    1.02e-01  8.65e-02    1.94e-03  2.49e-04    5.29e-02  4.73e-02    2.3e-06
 527000    9.98e-02  1.15e-01    1.42e-04  3.75e-04    5.46e-02  6.30e-02    2.3e-06
 528000    1.01e-01  1.09e-01    1.11e-03  1.30e-03    5.46e-02  5.88e-02    2.3e-06
 529000    1.64e-01  1.51e-01    2.85e-04  2.21e-03    9.06e-02  8.04e-02    2.3e-06
 530000    8.48e-02  1.02e-01    1.14e-04  1.08e-03    4.71e-02  5.61e-02    2.2e-06
 531000    1.62e-01  1.23e-01    7.25e-05  1.55e-03    8.99e-02  6.69e-02    2.2e-06
 532000    1.29e-01  9.42e-02    1.60e-03  3.97e-04    7.05e-02  5.26e-02    2.2e-06
 533000    1.62e-01  1.18e-01    9.39e-04  1.81e-03    9.04e-02  6.35e-02    2.2e-06
 534000    8.91e-02  1.24e-01    1.69e-03  1.02e-03    4.80e-02  6.96e-02    2.1e-06
 535000    8.73e-02  1.27e-01    1.61e-03  8.69e-04    4.71e-02  7.15e-02    2.1e-06
 536000    1.24e-01  1.13e-01    7.77e-04  8.44e-04    6.99e-02  6.36e-02    2.1e-06
 537000    1.60e-01  1.13e-01    1.91e-03  1.02e-03    8.92e-02  6.36e-02    2.1e-06
 538000    9.70e-02  8.15e-02    8.47e-04  1.85e-04    5.50e-02  4.67e-02    2.0e-06
 539000    8.24e-02  8.59e-02    7.68e-06  1.32e-04    4.73e-02  4.93e-02    2.0e-06
 540000    9.45e-02  1.52e-01    4.60e-04  5.04e-04    5.44e-02  8.74e-02    2.0e-06
 541000    9.20e-02  1.11e-01    1.03e-03  5.48e-04    5.21e-02  6.40e-02    2.0e-06
 542000    8.70e-02  9.88e-02    1.69e-03  4.61e-04    4.82e-02  5.74e-02    1.9e-06
 543000    9.63e-02  8.24e-02    9.98e-04  1.41e-03    5.52e-02  4.58e-02    1.9e-06
 544000    9.29e-02  9.38e-02    4.93e-04  5.75e-05    5.43e-02  5.51e-02    1.9e-06
 545000    1.14e-01  9.70e-02    5.07e-04  8.27e-04    6.68e-02  5.63e-02    1.9e-06
 546000    9.71e-02  1.05e-01    2.20e-03  5.24e-04    5.31e-02  6.17e-02    1.9e-06
 547000    8.93e-02  8.05e-02    8.10e-04  6.24e-04    5.21e-02  4.72e-02    1.9e-06
 548000    8.97e-02  1.05e-01    1.79e-05  1.66e-03    5.34e-02  6.06e-02    1.8e-06
 549000    8.81e-02  7.30e-02    7.99e-04  6.94e-04    5.18e-02  4.29e-02    1.8e-06
 550000    1.06e-01  1.25e-01    1.34e-03  7.10e-04    6.25e-02  7.49e-02    1.8e-06
 551000    9.28e-02  8.37e-02    1.29e-05  6.78e-04    5.57e-02  4.97e-02    1.8e-06
 552000    1.06e-01  8.88e-02    3.99e-04  8.50e-04    6.38e-02  5.30e-02    1.7e-06
 553000    1.48e-01  1.04e-01    1.02e-03  1.15e-03    8.88e-02  6.14e-02    1.7e-06
 554000    1.19e-01  1.31e-01    1.68e-03  2.91e-04    7.02e-02  8.00e-02    1.7e-06
 555000    8.94e-02  1.03e-01    3.25e-04  1.96e-03    5.43e-02  5.93e-02    1.7e-06
 556000    1.09e-01  7.76e-02    9.06e-05  4.27e-04    6.67e-02  4.73e-02    1.7e-06
 557000    9.14e-02  1.02e-01    6.64e-04  1.15e-04    5.56e-02  6.27e-02    1.7e-06
 558000    9.06e-02  1.00e-01    4.34e-04  2.72e-04    5.57e-02  6.17e-02    1.6e-06
 559000    8.38e-02  7.76e-02    6.85e-05  5.00e-04    5.18e-02  4.76e-02    1.6e-06
 560000    8.70e-02  9.04e-02    1.46e-03  9.41e-04    5.17e-02  5.53e-02    1.6e-06
 561000    1.04e-01  1.14e-01    7.82e-04  1.19e-03    6.42e-02  6.99e-02    1.6e-06
 562000    7.77e-02  5.87e-02    1.65e-04  1.44e-04    4.87e-02  3.68e-02    1.5e-06
 563000    1.07e-01  1.03e-01    1.94e-04  9.25e-04    6.70e-02  6.40e-02    1.5e-06
 564000    1.44e-01  1.30e-01    1.67e-03  8.20e-04    8.88e-02  8.13e-02    1.5e-06
 565000    8.71e-02  9.04e-02    1.38e-03  5.82e-04    5.30e-02  5.67e-02    1.5e-06
 566000    8.58e-02  1.36e-01    2.09e-05  1.28e-03    5.45e-02  8.51e-02    1.5e-06
 567000    8.19e-02  1.05e-01    1.98e-03  3.21e-04    4.80e-02  6.67e-02    1.5e-06
 568000    7.46e-02  7.80e-02    8.94e-04  1.32e-03    4.68e-02  4.80e-02    1.4e-06
 569000    7.69e-02  7.64e-02    1.21e-03  1.26e-05    4.76e-02  4.89e-02    1.4e-06
 570000    1.02e-01  9.28e-02    1.35e-03  3.92e-04    6.39e-02  5.96e-02    1.4e-06
 571000    9.95e-02  8.29e-02    6.19e-04  2.42e-03    6.38e-02  4.64e-02    1.4e-06
 572000    7.21e-02  8.78e-02    1.70e-04  1.24e-03    4.67e-02  5.54e-02    1.4e-06
 573000    9.21e-02  1.15e-01    1.49e-03  6.70e-04    5.74e-02  7.41e-02    1.4e-06
 574000    8.58e-02  8.58e-02    9.29e-05  4.42e-04    5.60e-02  5.58e-02    1.3e-06
 575000    1.07e-01  8.60e-02    2.71e-04  1.14e-03    7.00e-02  5.46e-02    1.3e-06
 576000    7.69e-02  7.91e-02    1.41e-03  2.18e-04    4.83e-02  5.19e-02    1.3e-06
 577000    8.51e-02  8.79e-02    1.46e-04  7.59e-05    5.59e-02  5.77e-02    1.3e-06
 578000    9.79e-02  1.01e-01    8.06e-04  1.06e-03    6.41e-02  6.57e-02    1.3e-06
 579000    9.87e-02  9.39e-02    8.24e-04  2.36e-03    6.46e-02  5.62e-02    1.3e-06
 580000    7.15e-02  8.22e-02    6.19e-04  7.84e-04    4.71e-02  5.40e-02    1.3e-06
 581000    8.50e-02  8.16e-02    6.76e-04  1.82e-04    5.60e-02  5.43e-02    1.3e-06
 582000    8.15e-02  8.64e-02    3.18e-04  1.84e-03    5.45e-02  5.39e-02    1.2e-06
 583000    8.25e-02  7.88e-02    5.10e-04  7.90e-04    5.50e-02  5.20e-02    1.2e-06
 584000    9.97e-02  1.08e-01    4.09e-04  1.27e-03    6.70e-02  7.12e-02    1.2e-06
 585000    8.21e-02  1.04e-01    2.65e-04  1.11e-03    5.52e-02  6.90e-02    1.2e-06
 586000    1.34e-01  1.24e-01    1.62e-03  1.38e-03    8.87e-02  8.26e-02    1.2e-06
 587000    9.35e-02  1.10e-01    9.44e-04  2.31e-03    6.26e-02  7.00e-02    1.2e-06
 588000    9.99e-02  8.27e-02    1.06e-03  4.70e-04    6.71e-02  5.61e-02    1.1e-06
 589000    7.73e-02  7.63e-02    2.02e-03  5.91e-04    4.80e-02  5.17e-02    1.1e-06
 590000    7.32e-02  8.05e-02    1.41e-03  1.11e-03    4.78e-02  5.40e-02    1.1e-06
 591000    1.10e-01  1.23e-01    2.28e-03  4.85e-03    7.03e-02  6.08e-02    1.1e-06
 592000    7.93e-02  9.25e-02    4.89e-04  1.13e-03    5.45e-02  6.25e-02    1.1e-06
 593000    9.74e-02  9.32e-02    5.50e-04  8.07e-04    6.69e-02  6.36e-02    1.1e-06
 594000    7.93e-02  8.84e-02    7.24e-04  1.15e-03    5.44e-02  5.99e-02    1.1e-06
 595000    9.30e-02  1.22e-01    1.14e-04  2.64e-03    6.46e-02  7.87e-02    1.1e-06
 596000    7.18e-02  7.90e-02    1.36e-03  8.73e-06    4.78e-02  5.52e-02    1.0e-06
 597000    1.29e-01  8.37e-02    9.68e-04  1.93e-04    8.92e-02  5.84e-02    1.0e-06
 598000    7.75e-02  5.99e-02    1.18e-03  1.14e-03    5.27e-02  4.00e-02    1.0e-06
 599000    7.91e-02  8.40e-02    5.95e-04  3.58e-04    5.52e-02  5.89e-02    1.0e-06
 600000    8.93e-02  1.01e-01    4.23e-04  2.78e-04    6.30e-02  7.16e-02    1.0e-06
 601000    6.65e-02  8.98e-02    1.86e-04  2.57e-04    4.70e-02  6.35e-02    1.0e-06
 602000    1.27e-01  1.10e-01    4.38e-05  1.66e-03    9.05e-02  7.54e-02    9.8e-07
 603000    1.27e-01  8.81e-02    1.39e-04  5.65e-04    9.04e-02  6.23e-02    9.8e-07
 604000    1.26e-01  7.91e-02    1.66e-04  1.24e-03    9.03e-02  5.44e-02    9.5e-07
 605000    7.34e-02  7.48e-02    4.82e-04  1.54e-04    5.21e-02  5.34e-02    9.5e-07
 606000    9.40e-02  8.94e-02    7.15e-04  2.02e-03    6.71e-02  5.94e-02    9.3e-07
 607000    1.24e-01  1.10e-01    4.42e-04  1.61e-03    8.90e-02  7.64e-02    9.3e-07
 608000    7.68e-02  7.32e-02    5.50e-04  8.03e-05    5.51e-02  5.30e-02    9.1e-07
 609000    7.86e-02  6.72e-02    6.99e-04  9.60e-04    5.61e-02  4.70e-02    9.1e-07
 610000    7.60e-02  9.10e-02    1.18e-04  1.79e-03    5.52e-02  6.21e-02    8.9e-07
 611000    7.22e-02  7.36e-02    1.77e-03  1.71e-03    4.83e-02  4.97e-02    8.9e-07
 612000    8.02e-02  7.07e-02    7.62e-04  2.56e-05    5.79e-02  5.17e-02    8.7e-07
 613000    7.69e-02  1.26e-01    1.15e-03  5.16e-03    5.43e-02  6.50e-02    8.7e-07
 614000    8.65e-02  8.20e-02    7.67e-04  1.66e-03    6.29e-02  5.69e-02    8.5e-07
 615000    7.46e-02  1.09e-01    1.52e-04  1.39e-03    5.48e-02  7.79e-02    8.5e-07
 616000    6.35e-02  6.91e-02    1.08e-04  1.98e-04    4.69e-02  5.10e-02    8.3e-07
 617000    6.80e-02  7.49e-02    1.40e-03  1.80e-04    4.74e-02  5.53e-02    8.3e-07
 618000    9.04e-02  8.09e-02    3.69e-04  6.29e-04    6.70e-02  5.95e-02    8.1e-07
 619000    6.63e-02  9.32e-02    1.08e-03  1.14e-03    4.75e-02  6.79e-02    8.1e-07
 620000    8.53e-02  9.25e-02    9.44e-04  1.69e-03    6.27e-02  6.60e-02    7.9e-07
 621000    7.16e-02  6.04e-02    1.94e-03  7.77e-04    4.82e-02  4.41e-02    7.9e-07
 622000    6.95e-02  5.50e-02    5.86e-04  9.60e-05    5.15e-02  4.13e-02    7.8e-07
 623000    7.44e-02  8.30e-02    3.99e-04  1.32e-03    5.56e-02  5.97e-02    7.8e-07
 624000    7.18e-02  1.06e-01    7.19e-05  2.17e-03    5.41e-02  7.52e-02    7.6e-07
 625000    6.85e-02  7.90e-02    3.77e-05  1.07e-03    5.17e-02  5.78e-02    7.6e-07
 626000    8.32e-02  9.01e-02    5.45e-04  1.44e-03    6.27e-02  6.60e-02    7.4e-07
 627000    1.19e-01  1.08e-01    1.21e-03  1.41e-03    8.89e-02  7.97e-02    7.4e-07
 628000    7.19e-02  7.67e-02    2.16e-04  4.65e-04    5.47e-02  5.81e-02    7.2e-07
 629000    6.57e-02  6.02e-02    1.17e-03  9.10e-05    4.80e-02  4.58e-02    7.2e-07
 630000    7.31e-02  6.81e-02    1.08e-04  8.04e-04    5.59e-02  5.09e-02    7.1e-07
 631000    6.90e-02  8.58e-02    7.41e-04  2.43e-04    5.18e-02  6.56e-02    7.1e-07
 632000    1.18e-01  9.67e-02    1.20e-03  5.36e-04    8.90e-02  7.40e-02    6.9e-07
 633000    8.72e-02  8.17e-02    3.08e-04  7.74e-04    6.69e-02  6.19e-02    6.9e-07
 634000    8.08e-02  7.22e-02    3.57e-05  4.12e-04    6.24e-02  5.55e-02    6.8e-07
 635000    8.65e-02  6.18e-02    3.05e-05  4.90e-04    6.68e-02  4.73e-02    6.8e-07
 636000    8.62e-02  7.72e-02    3.88e-05  7.81e-04    6.69e-02  5.89e-02    6.6e-07
 637000    6.05e-02  6.79e-02    3.82e-04  5.97e-04    4.67e-02  5.21e-02    6.6e-07
 638000    8.68e-02  1.02e-01    6.31e-04  2.08e-04    6.71e-02  7.93e-02    6.5e-07
 639000    8.06e-02  8.78e-02    4.48e-04  5.65e-04    6.26e-02  6.81e-02    6.5e-07
 640000    6.99e-02  9.32e-02    5.03e-04  2.13e-03    5.43e-02  6.71e-02    6.3e-07
 641000    8.76e-02  9.11e-02    1.00e-03  1.89e-03    6.73e-02  6.68e-02    6.3e-07
 642000    6.28e-02  5.79e-02    9.07e-04  3.25e-04    4.80e-02  4.54e-02    6.2e-07
 643000    7.24e-02  6.74e-02    8.98e-04  9.99e-04    5.56e-02  5.12e-02    6.2e-07
 644000    7.57e-02  6.80e-02    1.13e-03  3.32e-04    5.78e-02  5.36e-02    6.0e-07
 645000    7.90e-02  1.08e-01    8.71e-05  3.02e-04    6.24e-02  8.51e-02    6.0e-07
 646000    8.57e-02  7.91e-02    8.40e-04  8.18e-04    6.71e-02  6.18e-02    5.9e-07
 647000    6.54e-02  6.37e-02    3.67e-04  2.23e-04    5.17e-02  5.04e-02    5.9e-07
 648000    6.84e-02  8.40e-02    3.08e-04  1.06e-03    5.44e-02  6.53e-02    5.8e-07
 649000    8.88e-02  1.04e-01    3.51e-04  1.38e-03    7.05e-02  8.03e-02    5.8e-07
 650000    6.45e-02  6.43e-02    1.46e-03  1.19e-03    4.81e-02  4.92e-02    5.6e-07
 651000    1.12e-01  9.38e-02    4.42e-04  7.16e-04    8.92e-02  7.43e-02    5.6e-07
 652000    7.83e-02  7.17e-02    1.57e-04  2.57e-05    6.28e-02  5.76e-02    5.5e-07
 653000    7.48e-02  6.90e-02    1.18e-03  3.98e-04    5.78e-02  5.51e-02    5.5e-07
 654000    8.45e-02  1.06e-01    8.36e-04  2.22e-03    6.72e-02  8.03e-02    5.4e-07
 655000    5.83e-02  8.52e-02    2.76e-04  6.28e-05    4.69e-02  6.88e-02    5.4e-07
 656000    1.12e-01  9.36e-02    3.14e-04  1.23e-04    9.06e-02  7.58e-02    5.2e-07
 657000    8.06e-02  1.11e-01    8.45e-04  1.90e-03    6.43e-02  8.57e-02    5.2e-07
 658000    6.72e-02  9.10e-02    8.15e-05  1.51e-03    5.46e-02  7.09e-02    5.1e-07
 659000    6.84e-02  7.65e-02    4.65e-04  2.14e-04    5.52e-02  6.21e-02    5.1e-07
 660000    7.69e-02  9.51e-02    1.53e-04  3.20e-04    6.28e-02  7.75e-02    5.0e-07
 661000    8.38e-02  7.29e-02    8.46e-04  1.83e-03    6.72e-02  5.28e-02    5.0e-07
 662000    1.10e-01  8.86e-02    7.19e-04  1.25e-03    8.92e-02  7.03e-02    4.9e-07
 663000    7.96e-02  7.55e-02    8.11e-04  2.68e-04    6.42e-02  6.17e-02    4.9e-07
 664000    7.19e-02  6.88e-02    9.52e-04  7.70e-04    5.76e-02  5.55e-02    4.8e-07
 665000    5.75e-02  6.21e-02    4.18e-04  7.19e-04    4.70e-02  5.01e-02    4.8e-07
 666000    6.29e-02  7.96e-02    3.16e-04  1.06e-03    5.17e-02  6.39e-02    4.7e-07
 667000    7.84e-02  8.32e-02    3.09e-04  1.30e-03    6.46e-02  6.62e-02    4.7e-07
 668000    6.56e-02  6.28e-02    1.38e-04  1.14e-04    5.43e-02  5.20e-02    4.6e-07
 669000    6.76e-02  8.55e-02    4.32e-04  1.52e-03    5.56e-02  6.71e-02    4.6e-07
 670000    1.08e-01  9.29e-02    8.83e-04  1.04e-03    8.89e-02  7.58e-02    4.5e-07
 671000    6.69e-02  8.42e-02    3.19e-05  1.60e-03    5.56e-02  6.58e-02    4.5e-07
 672000    8.49e-02  8.70e-02    4.43e-04  1.14e-03    7.06e-02  7.06e-02    4.4e-07
 673000    5.64e-02  6.05e-02    1.27e-04  1.11e-03    4.70e-02  4.82e-02    4.4e-07
 674000    1.08e-01  1.04e-01    3.27e-04  2.52e-03    9.03e-02  7.87e-02    4.3e-07
 675000    5.68e-02  8.03e-02    5.49e-04  1.19e-03    4.70e-02  6.52e-02    4.3e-07
 676000    8.03e-02  7.35e-02    4.80e-04  5.50e-04    6.71e-02  6.12e-02    4.2e-07
 677000    8.38e-02  8.73e-02    1.78e-04  1.12e-03    7.04e-02  7.15e-02    4.2e-07
 678000    6.47e-02  6.90e-02    1.81e-04  6.26e-04    5.45e-02  5.75e-02    4.1e-07
 679000    7.96e-02  5.17e-02    4.19e-05  1.45e-03    6.71e-02  3.84e-02    4.1e-07
 680000    6.44e-02  8.64e-02    2.02e-05  3.07e-04    5.44e-02  7.29e-02    4.0e-07
 681000    8.00e-02  7.72e-02    5.12e-04  1.11e-03    6.72e-02  6.30e-02    4.0e-07
 682000    6.58e-02  6.88e-02    1.27e-04  1.50e-04    5.58e-02  5.84e-02    3.9e-07
 683000    8.36e-02  7.49e-02    5.03e-04  1.11e-03    7.05e-02  6.13e-02    3.9e-07
 684000    6.38e-02  8.58e-02    6.79e-05  1.99e-03    5.43e-02  6.70e-02    3.8e-07
 685000    7.90e-02  1.13e-01    3.21e-04  1.65e-03    6.71e-02  9.34e-02    3.8e-07
 686000    6.58e-02  7.25e-02    4.44e-04  5.14e-04    5.58e-02  6.14e-02    3.7e-07
 687000    7.38e-02  6.08e-02    3.10e-04  1.77e-04    6.29e-02  5.18e-02    3.7e-07
 688000    5.92e-02  5.32e-02    1.19e-03  2.70e-04    4.80e-02  4.54e-02    3.6e-07
 689000    6.50e-02  6.45e-02    1.12e-04  2.63e-05    5.57e-02  5.52e-02    3.6e-07
 690000    6.27e-02  6.99e-02    7.86e-04  1.45e-03    5.27e-02  5.63e-02    3.5e-07
 691000    7.81e-02  8.41e-02    2.03e-04  8.69e-04    6.71e-02  7.09e-02    3.5e-07
 692000    7.79e-02  7.11e-02    2.62e-04  7.95e-04    6.70e-02  6.00e-02    3.5e-07
 693000    6.22e-02  7.11e-02    6.98e-04  6.83e-04    5.26e-02  6.05e-02    3.5e-07
 694000    6.31e-02  9.80e-02    2.15e-04  2.44e-03    5.45e-02  7.65e-02    3.4e-07
 695000    8.17e-02  9.14e-02    1.75e-04  9.82e-04    7.06e-02  7.75e-02    3.4e-07
 696000    7.24e-02  1.01e-01    5.17e-05  3.85e-04    6.28e-02  8.78e-02    3.3e-07
 697000    6.37e-02  7.92e-02    6.39e-04  1.36e-03    5.44e-02  6.56e-02    3.3e-07
 698000    5.96e-02  6.19e-02    1.43e-03  1.23e-03    4.78e-02  5.10e-02    3.2e-07
 699000    1.04e-01  8.36e-02    9.51e-04  1.29e-04    8.89e-02  7.27e-02    3.2e-07
 700000    7.39e-02  7.89e-02    2.61e-04  7.48e-04    6.43e-02  6.79e-02    3.2e-07
 701000    7.70e-02  6.44e-02    1.31e-04  1.24e-03    6.71e-02  5.26e-02    3.2e-07
 702000    7.18e-02  7.42e-02    4.37e-04  1.16e-03    6.25e-02  6.27e-02    3.1e-07
 703000    1.03e-01  9.01e-02    5.73e-05  7.57e-04    9.03e-02  7.79e-02    3.1e-07
 704000    6.21e-02  9.42e-02    1.07e-04  2.62e-03    5.44e-02  7.24e-02    3.0e-07
 705000    6.39e-02  6.32e-02    2.73e-04  4.20e-04    5.58e-02  5.50e-02    3.0e-07
 706000    5.34e-02  5.74e-02    4.08e-05  3.70e-04    4.69e-02  5.01e-02    3.0e-07
 707000    6.19e-02  7.03e-02    1.69e-04  2.86e-04    5.44e-02  6.16e-02    3.0e-07
 708000    6.69e-02  7.33e-02    7.91e-04  1.00e-03    5.77e-02  6.28e-02    2.9e-07
 709000    6.17e-02  8.67e-02    6.85e-06  2.22e-04    5.44e-02  7.63e-02    2.9e-07
 710000    8.03e-02  8.16e-02    4.18e-04  1.83e-04    7.06e-02  7.20e-02    2.8e-07
 711000    6.08e-02  5.14e-02    6.68e-04  6.18e-04    5.28e-02  4.44e-02    2.8e-07
 712000    7.62e-02  7.23e-02    3.62e-04  1.40e-04    6.72e-02  6.40e-02    2.8e-07
 713000    7.62e-02  6.79e-02    3.48e-04  8.17e-04    6.72e-02  5.89e-02    2.8e-07
 714000    5.80e-02  5.11e-02    1.35e-03  2.09e-04    4.77e-02  4.53e-02    2.7e-07
 715000    6.65e-02  6.26e-02    8.42e-04  5.42e-04    5.77e-02  5.50e-02    2.7e-07
 716000    6.06e-02  6.42e-02    7.31e-04  1.02e-03    5.29e-02  5.51e-02    2.6e-07
 717000    5.78e-02  6.32e-02    1.28e-03  6.56e-04    4.81e-02  5.55e-02    2.6e-07
 718000    6.10e-02  9.28e-02    1.83e-05  1.21e-03    5.44e-02  8.06e-02    2.6e-07
 719000    7.91e-02  9.44e-02    1.60e-06  7.95e-04    7.06e-02  8.32e-02    2.6e-07
 720000    7.96e-02  8.50e-02    6.17e-04  8.25e-04    7.05e-02  7.49e-02    2.5e-07
 721000    7.91e-02  7.22e-02    3.96e-04  7.09e-04    7.04e-02  6.36e-02    2.5e-07
 722000    5.25e-02  7.67e-02    4.25e-06  2.75e-03    4.70e-02  5.59e-02    2.5e-07
 723000    6.49e-02  8.85e-02    4.19e-04  2.61e-03    5.78e-02  6.84e-02    2.5e-07
 724000    7.56e-02  5.94e-02    5.89e-04  4.43e-05    6.72e-02  5.33e-02    2.4e-07
 725000    5.98e-02  6.36e-02    6.64e-04  9.40e-04    5.28e-02  5.54e-02    2.4e-07
 726000    7.26e-02  6.22e-02    7.18e-04  8.49e-04    6.44e-02  5.45e-02    2.3e-07
 727000    5.23e-02  4.93e-02    2.71e-04  1.82e-06    4.69e-02  4.43e-02    2.3e-07
 728000    7.45e-02  6.02e-02    1.22e-04  1.40e-03    6.72e-02  4.99e-02    2.3e-07
 729000    6.08e-02  6.16e-02    9.97e-04  3.73e-04    5.27e-02  5.53e-02    2.3e-07
 730000    6.18e-02  8.53e-02    1.27e-04  1.97e-03    5.59e-02  7.00e-02    2.2e-07
 731000    7.45e-02  7.10e-02    2.91e-04  4.73e-04    6.71e-02  6.37e-02    2.2e-07
 732000    6.95e-02  5.70e-02    6.33e-04  1.51e-04    6.23e-02  5.16e-02    2.2e-07
 733000    6.20e-02  9.19e-02    3.75e-04  1.55e-03    5.58e-02  7.93e-02    2.2e-07
 734000    7.83e-02  7.42e-02    5.72e-04  4.30e-04    7.05e-02  6.70e-02    2.1e-07
 735000    7.32e-02  1.08e-01    1.06e-03  1.36e-03    6.44e-02  9.57e-02    2.1e-07
 736000    5.17e-02  5.48e-02    7.08e-06  1.50e-04    4.70e-02  4.98e-02    2.1e-07
 737000    5.70e-02  5.41e-02    1.32e-03  1.90e-03    4.82e-02  4.06e-02    2.1e-07
 738000    7.40e-02  6.70e-02    2.77e-04  2.99e-04    6.72e-02  6.09e-02    2.0e-07
 739000    6.61e-02  6.26e-02    1.11e-03  9.16e-05    5.77e-02  5.71e-02    2.0e-07
 740000    9.87e-02  8.55e-02    8.93e-04  1.84e-03    8.90e-02  7.22e-02    2.0e-07
 741000    5.91e-02  5.47e-02    7.30e-04  1.15e-04    5.28e-02  4.99e-02    2.0e-07
 742000    7.74e-02  8.86e-02    3.23e-04  1.37e-04    7.06e-02  8.10e-02    1.9e-07
 743000    6.85e-02  1.02e-01    1.00e-04  1.58e-03    6.26e-02  8.98e-02    1.9e-07
 744000    9.84e-02  8.52e-02    1.44e-04  1.12e-04    9.02e-02  7.81e-02    1.9e-07
 745000    7.37e-02  7.77e-02    4.16e-04  1.21e-05    6.72e-02  7.12e-02    1.9e-07
 746000    6.40e-02  6.76e-02    6.57e-04  9.72e-05    5.78e-02  6.20e-02    1.9e-07
 747000    6.67e-02  6.51e-02    1.31e-03  1.99e-04    5.77e-02  5.97e-02    1.9e-07
 748000    7.75e-02  7.48e-02    6.00e-04  1.22e-04    7.06e-02  6.87e-02    1.8e-07
 749000    9.86e-02  6.93e-02    1.11e-03  1.23e-03    8.89e-02  6.05e-02    1.8e-07
 750000    6.13e-02  6.38e-02    4.93e-04  1.04e-03    5.59e-02  5.62e-02    1.8e-07
 751000    5.17e-02  4.52e-02    5.19e-04  3.42e-05    4.70e-02  4.16e-02    1.8e-07
 752000    7.30e-02  7.77e-02    3.09e-04  2.18e-03    6.72e-02  6.15e-02    1.7e-07
 753000    6.66e-02  6.63e-02    1.33e-03  1.31e-03    5.78e-02  5.76e-02    1.7e-07
 754000    5.62e-02  6.51e-02    2.78e-04  9.82e-04    5.18e-02  5.81e-02    1.7e-07
 755000    5.88e-02  6.82e-02    3.45e-05  9.62e-04    5.44e-02  6.12e-02    1.7e-07
 756000    5.83e-02  6.72e-02    7.36e-04  2.45e-03    5.28e-02  4.93e-02    1.7e-07
 757000    5.10e-02  5.73e-02    3.55e-04  1.04e-04    4.69e-02  5.31e-02    1.7e-07
 758000    5.87e-02  8.31e-02    1.98e-04  2.33e-03    5.43e-02  6.75e-02    1.6e-07
 759000    7.05e-02  6.05e-02    7.59e-04  7.32e-04    6.43e-02  5.49e-02    1.6e-07
 760000    6.58e-02  6.75e-02    1.26e-03  8.87e-05    5.77e-02  6.27e-02    1.6e-07
 761000    5.47e-02  6.33e-02    1.15e-03  1.15e-03    4.79e-02  5.63e-02    1.6e-07
 762000    6.01e-02  6.06e-02    1.98e-04  7.99e-04    5.58e-02  5.47e-02    1.5e-07
 763000    9.67e-02  7.37e-02    8.21e-04  1.11e-03    8.90e-02  6.61e-02    1.5e-07
 764000    7.20e-02  7.11e-02    2.27e-04  1.89e-04    6.70e-02  6.62e-02    1.5e-07
 765000    5.07e-02  5.39e-02    2.69e-04  6.75e-07    4.70e-02  5.02e-02    1.5e-07
 766000    9.64e-02  1.00e-01    8.42e-04  2.80e-03    8.89e-02  8.16e-02    1.5e-07
 767000    5.85e-02  5.14e-02    8.79e-04  8.44e-04    5.28e-02  4.61e-02    1.5e-07
 768000    9.66e-02  7.37e-02    1.03e-04  9.62e-04    9.03e-02  6.70e-02    1.4e-07
 769000    5.99e-02  6.13e-02    2.81e-04  2.80e-04    5.58e-02  5.71e-02    1.4e-07
 770000    5.97e-02  6.86e-02    2.30e-04  1.09e-03    5.58e-02  6.15e-02    1.4e-07
 771000    5.81e-02  7.78e-02    1.14e-04  2.14e-03    5.43e-02  6.42e-02    1.4e-07
 772000    5.02e-02  7.43e-02    1.85e-04  1.18e-03    4.70e-02  6.73e-02    1.4e-07
 773000    5.56e-02  1.00e-01    3.49e-04  3.98e-03    5.18e-02  6.73e-02    1.4e-07
 774000    6.89e-02  6.98e-02    4.31e-04  2.75e-04    6.43e-02  6.54e-02    1.3e-07
 775000    9.61e-02  6.43e-02    9.35e-04  5.95e-04    8.89e-02  5.95e-02    1.3e-07
 776000    5.70e-02  6.06e-02    5.66e-04  2.76e-04    5.28e-02  5.68e-02    1.3e-07
 777000    6.43e-02  5.90e-02    1.11e-03  2.61e-04    5.78e-02  5.53e-02    1.3e-07
 778000    6.42e-02  5.86e-02    1.08e-03  1.44e-03    5.78e-02  5.00e-02    1.3e-07
 779000    4.99e-02  5.38e-02    4.93e-05  3.76e-04    4.70e-02  5.03e-02    1.3e-07
 780000    5.71e-02  7.02e-02    6.80e-04  1.12e-03    5.28e-02  6.38e-02    1.3e-07
 781000    6.33e-02  6.03e-02    9.42e-04  1.11e-04    5.77e-02  5.68e-02    1.3e-07
 782000    9.57e-02  6.20e-02    2.38e-05  3.91e-04    9.03e-02  5.82e-02    1.2e-07
 783000    5.79e-02  7.85e-02    2.71e-04  4.18e-04    5.45e-02  7.38e-02    1.2e-07
 784000    6.69e-02  8.15e-02    1.59e-03  3.43e-04    5.77e-02  7.68e-02    1.2e-07
 785000    6.89e-02  6.64e-02    5.83e-04  1.00e-04    6.45e-02  6.27e-02    1.2e-07
 786000    5.77e-02  8.23e-02    2.78e-04  1.69e-03    5.44e-02  7.29e-02    1.2e-07
 787000    9.60e-02  7.42e-02    1.12e-03  9.62e-04    8.89e-02  6.83e-02    1.2e-07
 788000    5.89e-02  5.34e-02    1.93e-04  6.77e-04    5.57e-02  4.92e-02    1.1e-07
 789000    5.75e-02  5.75e-02    1.16e-04  1.16e-04    5.45e-02  5.45e-02    1.1e-07
 790000    5.48e-02  5.00e-02    3.08e-04  6.82e-04    5.17e-02  4.60e-02    1.1e-07
 791000    7.60e-02  9.18e-02    8.40e-04  2.67e-03    7.07e-02  7.47e-02    1.1e-07
 792000    5.59e-02  3.97e-02    3.48e-04  9.18e-05    5.28e-02  3.76e-02    1.1e-07
 793000    7.11e-02  5.56e-02    3.10e-04  6.48e-04    6.73e-02  5.16e-02    1.1e-07
 794000    5.74e-02  6.93e-02    1.06e-05  1.25e-03    5.45e-02  6.26e-02    1.1e-07
 795000    5.86e-02  4.72e-02    1.63e-05  1.10e-04    5.57e-02  4.48e-02    1.1e-07
 796000    5.46e-02  5.61e-02    2.52e-04  3.23e-04    5.18e-02  5.31e-02    1.0e-07
 797000    5.37e-02  4.86e-02    1.16e-03  6.54e-05    4.80e-02  4.62e-02    1.0e-07
 798000    5.95e-02  5.60e-02    5.87e-04  8.87e-04    5.58e-02  5.13e-02    1.0e-07
 799000    6.61e-02  8.96e-02    5.28e-04  2.63e-04    6.24e-02  8.53e-02    1.0e-07
 800000    6.92e-02  6.04e-02    8.86e-04  1.22e-03    6.44e-02  5.41e-02    1.0e-07
 801000    9.49e-02  7.30e-02    1.02e-03  2.16e-03    8.88e-02  5.93e-02    1.0e-07
 802000    6.85e-02  6.14e-02    7.22e-04  1.61e-04    6.43e-02  5.86e-02    9.8e-08
 803000    5.71e-02  7.99e-02    1.80e-04  5.48e-04    5.45e-02  7.57e-02    9.8e-08
 804000    5.59e-02  5.57e-02    5.04e-04  5.88e-04    5.28e-02  5.24e-02    9.5e-08
 805000    5.84e-02  6.12e-02    4.85e-05  4.63e-04    5.58e-02  5.79e-02    9.5e-08
 806000    9.41e-02  6.45e-02    7.94e-04  2.93e-04    8.90e-02  6.15e-02    9.3e-08
 807000    9.45e-02  6.07e-02    1.46e-04  1.00e-03    9.03e-02  5.55e-02    9.3e-08
 808000    9.43e-02  8.46e-02    2.92e-05  3.10e-04    9.03e-02  8.08e-02    9.1e-08
 809000    5.89e-02  6.72e-02    5.26e-04  8.09e-04    5.57e-02  6.29e-02    9.1e-08
 810000    5.36e-02  5.15e-02    1.19e-03  2.49e-04    4.80e-02  4.92e-02    8.9e-08
 811000    5.92e-02  6.03e-02    6.29e-04  1.02e-03    5.58e-02  5.52e-02    8.9e-08
 812000    7.02e-02  6.35e-02    3.10e-04  3.04e-04    6.72e-02  6.07e-02    8.7e-08
 813000    7.03e-02  6.44e-02    1.88e-04  9.89e-04    6.73e-02  5.92e-02    8.7e-08
 814000    5.82e-02  9.72e-02    2.03e-04  1.41e-03    5.57e-02  9.01e-02    8.5e-08
 815000    5.38e-02  8.90e-02    1.24e-03  1.38e-03    4.80e-02  8.27e-02    8.5e-08
 816000    7.00e-02  5.94e-02    2.62e-04  1.87e-04    6.72e-02  5.70e-02    8.3e-08
 817000    5.85e-02  5.94e-02    3.93e-04  8.61e-04    5.58e-02  5.53e-02    8.3e-08
 818000    5.79e-02  5.52e-02    1.13e-04  2.19e-04    5.57e-02  5.30e-02    8.1e-08
 819000    5.45e-02  5.80e-02    4.76e-04  6.34e-04    5.18e-02  5.47e-02    8.1e-08
 820000    4.89e-02  6.45e-02    1.57e-04  1.05e-03    4.70e-02  5.99e-02    7.9e-08
 821000    9.38e-02  9.19e-02    3.27e-05  2.16e-03    9.03e-02  8.04e-02    7.9e-08
 822000    7.00e-02  8.10e-02    3.14e-04  1.23e-03    6.72e-02  7.49e-02    7.8e-08
 823000    6.29e-02  6.30e-02    1.11e-03  8.21e-04    5.77e-02  5.92e-02    7.8e-08
 824000    5.88e-02  7.03e-02    5.99e-04  6.32e-04    5.58e-02  6.70e-02    7.6e-08
 825000    9.42e-02  1.02e-01    1.11e-03  2.70e-03    8.88e-02  8.67e-02    7.6e-08
 826000    7.03e-02  6.39e-02    4.72e-04  7.49e-04    6.73e-02  6.02e-02    7.4e-08
 827000    6.29e-02  6.06e-02    1.12e-03  1.87e-03    5.77e-02  4.96e-02    7.4e-08
 828000    5.65e-02  7.06e-02    2.22e-04  9.98e-04    5.44e-02  6.62e-02    7.2e-08
 829000    9.37e-02  1.01e-01    1.01e-03  3.17e-03    8.89e-02  8.07e-02    7.2e-08
 830000    6.99e-02  5.90e-02    2.91e-04  8.86e-04    6.73e-02  5.48e-02    7.1e-08
 831000    6.97e-02  9.42e-02    3.01e-04  9.76e-05    6.71e-02  9.10e-02    7.1e-08
 832000    5.63e-02  5.08e-02    8.38e-04  9.48e-04    5.28e-02  4.67e-02    6.9e-08
 833000    6.75e-02  7.49e-02    6.59e-04  1.40e-03    6.44e-02  6.87e-02    6.9e-08
 834000    5.37e-02  5.81e-02    1.29e-03  3.72e-04    4.79e-02  5.60e-02    6.8e-08
 835000    5.62e-02  5.76e-02    7.91e-04  4.01e-04    5.28e-02  5.53e-02    6.8e-08
 836000    5.75e-02  5.93e-02    2.69e-05  3.95e-04    5.57e-02  5.70e-02    6.6e-08
 837000    4.86e-02  5.49e-02    1.44e-04  1.51e-04    4.70e-02  5.31e-02    6.6e-08
 838000    5.75e-02  5.00e-02    6.37e-05  6.68e-04    5.57e-02  4.70e-02    6.5e-08
 839000    6.95e-02  7.46e-02    3.32e-04  1.45e-04    6.71e-02  7.23e-02    6.5e-08
 840000    5.75e-02  5.29e-02    1.35e-04  6.73e-04    5.58e-02  4.99e-02    6.3e-08
 841000    5.49e-02  5.37e-02    1.48e-03  1.34e-04    4.80e-02  5.21e-02    6.3e-08
 842000    7.30e-02  6.70e-02    3.05e-04  7.36e-04    7.06e-02  6.37e-02    6.2e-08
 843000    7.31e-02  8.42e-02    4.18e-04  8.82e-04    7.06e-02  8.03e-02    6.2e-08
 844000    9.29e-02  6.51e-02    8.94e-04  4.16e-04    8.89e-02  6.28e-02    6.0e-08
 845000    5.80e-02  6.76e-02    4.87e-04  1.05e-03    5.57e-02  6.32e-02    6.0e-08
 846000    5.84e-02  4.34e-02    6.34e-04  2.85e-04    5.58e-02  4.19e-02    5.9e-08
 847000    9.28e-02  7.72e-02    9.23e-04  1.72e-03    8.88e-02  6.89e-02    5.9e-08
 848000    6.24e-02  5.96e-02    1.13e-03  1.15e-03    5.77e-02  5.47e-02    5.8e-08
 849000    4.84e-02  5.53e-02    9.52e-05  5.46e-04    4.70e-02  5.31e-02    5.8e-08
 850000    6.92e-02  6.48e-02    1.40e-04  4.59e-04    6.73e-02  6.25e-02    5.6e-08
 851000    5.60e-02  8.21e-02    9.77e-05  1.07e-03    5.44e-02  7.79e-02    5.6e-08
 852000    9.22e-02  7.59e-02    7.17e-04  1.06e-03    8.89e-02  7.16e-02    5.5e-08
 853000    5.59e-02  6.24e-02    2.77e-05  3.43e-04    5.44e-02  6.05e-02    5.5e-08
 854000    9.30e-02  7.14e-02    1.02e-03  1.01e-04    8.89e-02  6.95e-02    5.4e-08
 855000    5.48e-02  5.11e-02    4.70e-04  1.62e-04    5.28e-02  4.97e-02    5.4e-08
 856000    5.59e-02  5.33e-02    2.24e-04  4.71e-05    5.44e-02  5.20e-02    5.2e-08
 857000    5.42e-02  5.33e-02    1.42e-03  9.47e-04    4.80e-02  4.98e-02    5.2e-08
 858000    6.43e-02  8.68e-02    2.52e-04  8.46e-04    6.26e-02  8.36e-02    5.1e-08
 859000    5.59e-02  6.64e-02    2.45e-04  9.86e-04    5.44e-02  6.26e-02    5.1e-08
 860000    5.71e-02  5.25e-02    2.72e-05  6.81e-04    5.57e-02  4.98e-02    5.0e-08
 861000    5.71e-02  4.67e-02    8.19e-05  6.81e-04    5.57e-02  4.40e-02    5.0e-08
 862000    5.82e-02  7.67e-02    6.14e-04  4.56e-04    5.59e-02  7.45e-02    4.9e-08
 863000    5.86e-02  6.46e-02    7.24e-04  4.03e-04    5.58e-02  6.27e-02    4.9e-08
 864000    5.42e-02  3.90e-02    1.43e-03  1.87e-05    4.81e-02  3.81e-02    4.8e-08
 865000    5.37e-02  5.21e-02    4.90e-04  1.39e-04    5.18e-02  5.08e-02    4.8e-08
 866000    6.24e-02  7.48e-02    1.18e-03  2.27e-04    5.77e-02  7.30e-02    4.7e-08
 867000    5.57e-02  9.43e-02    9.09e-05  5.91e-04    5.44e-02  9.16e-02    4.7e-08
 868000    6.97e-02  5.64e-02    5.72e-04  6.85e-04    6.74e-02  5.37e-02    4.6e-08
 869000    9.23e-02  7.47e-02    6.16e-05  9.22e-04    9.03e-02  7.13e-02    4.6e-08
 870000    5.56e-02  6.68e-02    7.63e-05  4.21e-04    5.44e-02  6.50e-02    4.5e-08
 871000    6.17e-02  6.89e-02    1.05e-03  7.66e-04    5.77e-02  6.61e-02    4.5e-08
 872000    5.59e-02  5.22e-02    8.71e-04  5.62e-04    5.28e-02  5.03e-02    4.4e-08
 873000    5.31e-02  5.16e-02    1.27e-03  4.14e-04    4.81e-02  5.01e-02    4.4e-08
 874000    9.22e-02  8.35e-02    9.26e-04  2.22e-04    8.89e-02  8.17e-02    4.3e-08
 875000    5.38e-02  5.70e-02    5.73e-04  1.46e-03    5.18e-02  4.97e-02    4.3e-08
 876000    9.23e-02  5.82e-02    9.58e-04  3.50e-05    8.89e-02  5.71e-02    4.2e-08
 877000    9.24e-02  8.17e-02    9.97e-04  1.32e-03    8.89e-02  7.67e-02    4.2e-08
 878000    6.41e-02  7.48e-02    3.34e-04  1.21e-04    6.26e-02  7.33e-02    4.1e-08
 879000    5.80e-02  5.01e-02    6.33e-04  1.07e-03    5.58e-02  4.56e-02    4.1e-08
 880000    6.41e-02  5.22e-02    3.48e-04  3.90e-05    6.26e-02  5.12e-02    4.0e-08
 881000    6.67e-02  5.52e-02    6.96e-04  3.20e-04    6.44e-02  5.39e-02    4.0e-08
 882000    5.34e-02  5.34e-02    4.36e-04  1.87e-04    5.18e-02  5.23e-02    3.9e-08
 883000    5.69e-02  5.20e-02    2.03e-04  3.37e-06    5.57e-02  5.10e-02    3.9e-08
 884000    5.52e-02  7.71e-02    7.49e-04  2.56e-03    5.28e-02  6.30e-02    3.8e-08
 885000    6.42e-02  8.03e-02    4.12e-04  1.69e-03    6.26e-02  7.41e-02    3.8e-08
 886000    5.24e-02  5.49e-02    1.19e-03  1.60e-03    4.79e-02  4.77e-02    3.7e-08
 887000    6.14e-02  6.68e-02    1.03e-03  1.28e-04    5.78e-02  6.55e-02    3.7e-08
 888000    5.31e-02  6.46e-02    3.49e-04  6.98e-04    5.18e-02  6.23e-02    3.6e-08
 889000    4.78e-02  4.07e-02    6.73e-05  1.89e-04    4.70e-02  3.99e-02    3.6e-08
 890000    5.46e-02  4.05e-02    5.98e-04  1.85e-04    5.28e-02  3.97e-02    3.5e-08
 891000    6.17e-02  6.07e-02    1.09e-03  3.84e-04    5.77e-02  5.93e-02    3.5e-08
 892000    5.50e-02  7.18e-02    7.24e-04  1.96e-03    5.28e-02  6.27e-02    3.5e-08
 893000    4.78e-02  3.74e-02    3.43e-05  1.48e-04    4.70e-02  3.67e-02    3.5e-08
 894000    5.54e-02  7.90e-02    9.67e-05  1.74e-03    5.44e-02  7.20e-02    3.4e-08
 895000    6.88e-02  5.23e-02    3.77e-04  1.35e-04    6.73e-02  5.14e-02    3.4e-08
 896000    5.53e-02  5.35e-02    1.20e-04  4.95e-04    5.44e-02  5.20e-02    3.3e-08
 897000    5.27e-02  6.21e-02    1.24e-03  1.46e-03    4.81e-02  5.66e-02    3.3e-08
 898000    5.79e-02  6.70e-02    6.73e-04  7.17e-04    5.58e-02  6.48e-02    3.2e-08
 899000    7.23e-02  6.71e-02    5.06e-04  3.80e-04    7.06e-02  6.58e-02    3.2e-08
 900000    9.17e-02  7.47e-02    7.36e-05  1.07e-04    9.03e-02  7.35e-02    3.2e-08
 901000    5.53e-02  6.70e-02    6.17e-05  6.39e-04    5.45e-02  6.51e-02    3.2e-08
 902000    6.85e-02  5.93e-02    4.09e-04  5.26e-04    6.71e-02  5.77e-02    3.1e-08
 903000    5.53e-02  7.55e-02    3.94e-05  2.31e-04    5.44e-02  7.42e-02    3.1e-08
 904000    6.87e-02  7.56e-02    3.85e-04  2.55e-04    6.73e-02  7.44e-02    3.0e-08
 905000    5.67e-02  7.23e-02    1.59e-04  1.50e-03    5.58e-02  6.59e-02    3.0e-08
 906000    6.67e-02  6.59e-02    7.77e-04  1.44e-03    6.44e-02  6.03e-02    3.0e-08
 907000    5.75e-02  5.57e-02    5.71e-04  1.66e-04    5.58e-02  5.48e-02    3.0e-08
 908000    9.15e-02  7.99e-02    8.72e-04  1.80e-03    8.89e-02  7.23e-02    2.9e-08
 909000    5.29e-02  6.67e-02    3.73e-04  8.11e-04    5.18e-02  6.43e-02    2.9e-08
 910000    5.30e-02  5.38e-02    4.07e-04  6.25e-05    5.18e-02  5.30e-02    2.8e-08
 911000    6.16e-02  6.95e-02    1.10e-03  4.86e-04    5.77e-02  6.81e-02    2.8e-08
 912000    4.77e-02  6.36e-02    1.85e-04  4.14e-04    4.70e-02  6.24e-02    2.8e-08
 913000    6.36e-02  9.09e-02    2.59e-04  3.00e-03    6.26e-02  7.57e-02    2.8e-08
 914000    6.82e-02  5.24e-02    2.54e-04  1.40e-03    6.71e-02  4.60e-02    2.7e-08
 915000    4.77e-02  5.00e-02    2.02e-04  6.94e-04    4.70e-02  4.81e-02    2.7e-08
 916000    5.47e-02  7.98e-02    6.78e-04  9.89e-05    5.28e-02  7.88e-02    2.6e-08
 917000    6.88e-02  6.89e-02    4.82e-04  1.46e-03    6.73e-02  6.26e-02    2.6e-08
 918000    5.77e-02  6.70e-02    6.68e-04  2.12e-04    5.58e-02  6.60e-02    2.6e-08
 919000    9.15e-02  1.03e-01    7.21e-05  2.97e-03    9.03e-02  8.77e-02    2.6e-08
 920000    6.85e-02  6.89e-02    3.53e-04  2.04e-03    6.73e-02  5.72e-02    2.5e-08
 921000    6.35e-02  7.37e-02    3.31e-04  8.05e-06    6.25e-02  7.28e-02    2.5e-08
 922000    5.23e-02  5.19e-02    1.21e-03  1.04e-04    4.80e-02  5.13e-02    2.5e-08
 923000    5.72e-02  5.40e-02    5.27e-04  3.18e-04    5.58e-02  5.31e-02    2.5e-08
 924000    6.63e-02  5.23e-02    7.09e-04  2.95e-04    6.44e-02  5.15e-02    2.4e-08
 925000    5.66e-02  4.81e-02    2.45e-04  5.02e-04    5.58e-02  4.67e-02    2.4e-08
 926000    5.47e-02  4.72e-02    7.00e-04  9.56e-05    5.28e-02  4.66e-02    2.3e-08
 927000    4.76e-02  8.80e-02    1.90e-04  2.30e-03    4.70e-02  7.88e-02    2.3e-08
 928000    6.34e-02  7.84e-02    2.41e-04  1.56e-03    6.26e-02  7.33e-02    2.3e-08
 929000    5.27e-02  5.45e-02    3.23e-04  8.09e-04    5.18e-02  5.20e-02    2.3e-08
 930000    6.13e-02  6.34e-02    1.08e-03  1.04e-03    5.78e-02  6.02e-02    2.2e-08
 931000    6.10e-02  5.71e-02    1.03e-03  5.08e-04    5.78e-02  5.58e-02    2.2e-08
 932000    6.62e-02  7.70e-02    7.05e-04  2.06e-03    6.44e-02  6.79e-02    2.2e-08
 933000    6.15e-02  9.94e-02    1.13e-03  3.60e-03    5.78e-02  7.69e-02    2.2e-08
 934000    5.50e-02  5.65e-02    9.31e-05  6.14e-05    5.44e-02  5.59e-02    2.1e-08
 935000    6.62e-02  6.43e-02    7.24e-04  1.52e-05    6.44e-02  6.36e-02    2.1e-08
 936000    6.35e-02  7.95e-02    3.70e-04  8.03e-04    6.26e-02  7.76e-02    2.1e-08
 937000    9.11e-02  6.66e-02    8.65e-04  6.61e-04    8.89e-02  6.49e-02    2.1e-08
 938000    6.83e-02  5.93e-02    3.54e-04  5.91e-04    6.73e-02  5.77e-02    2.0e-08
 939000    6.35e-02  6.04e-02    3.60e-04  7.25e-04    6.26e-02  5.87e-02    2.0e-08
 940000    5.50e-02  4.85e-02    8.02e-05  6.34e-06    5.44e-02  4.81e-02    2.0e-08
 941000    6.85e-02  7.58e-02    4.57e-04  3.91e-05    6.73e-02  7.51e-02    2.0e-08
 942000    5.23e-02  5.22e-02    1.22e-03  1.08e-03    4.80e-02  4.88e-02    1.9e-08
 943000    5.76e-02  4.34e-02    6.76e-04  4.09e-04    5.58e-02  4.24e-02    1.9e-08
 944000    6.36e-02  8.28e-02    4.31e-04  3.83e-04    6.26e-02  8.17e-02    1.9e-08
 945000    6.62e-02  5.39e-02    7.20e-04  6.62e-04    6.44e-02  5.22e-02    1.9e-08
 946000    6.80e-02  4.30e-02    3.46e-04  8.29e-05    6.71e-02  4.26e-02    1.9e-08
 947000    5.75e-02  6.13e-02    6.54e-04  1.54e-03    5.58e-02  5.45e-02    1.9e-08
 948000    4.74e-02  7.17e-02    4.91e-05  5.26e-04    4.70e-02  7.06e-02    1.8e-08
 949000    9.14e-02  6.92e-02    9.97e-04  7.76e-04    8.89e-02  6.72e-02    1.8e-08
 950000    5.27e-02  5.59e-02    3.84e-04  1.25e-03    5.18e-02  5.09e-02    1.8e-08
 951000    5.17e-02  4.20e-02    1.13e-03  4.88e-04    4.80e-02  4.09e-02    1.8e-08
 952000    6.15e-02  6.94e-02    1.14e-03  8.67e-04    5.77e-02  6.72e-02    1.7e-08
 953000    5.43e-02  6.24e-02    6.42e-04  2.55e-04    5.28e-02  6.18e-02    1.7e-08
 954000    6.10e-02  5.54e-02    1.05e-03  9.50e-05    5.77e-02  5.49e-02    1.7e-08
 955000    5.75e-02  8.76e-02    6.70e-04  1.81e-03    5.58e-02  8.11e-02    1.7e-08
 956000    9.10e-02  9.27e-02    2.45e-05  2.16e-03    9.03e-02  8.38e-02    1.7e-08
 957000    6.79e-02  7.30e-02    2.95e-04  5.77e-04    6.72e-02  7.17e-02    1.7e-08
 958000    9.11e-02  6.70e-02    6.74e-05  1.08e-03    9.03e-02  6.37e-02    1.6e-08
 959000    6.80e-02  8.29e-02    3.86e-04  2.82e-03    6.71e-02  6.72e-02    1.6e-08
 960000    5.29e-02  4.01e-02    1.33e-03  7.15e-04    4.80e-02  3.81e-02    1.6e-08
 961000    6.65e-02  6.71e-02    8.49e-04  6.78e-04    6.44e-02  6.56e-02    1.6e-08
 962000    6.78e-02  7.08e-02    2.56e-04  1.93e-05    6.72e-02  7.03e-02    1.5e-08
 963000    6.80e-02  6.60e-02    3.91e-04  8.01e-04    6.71e-02  6.41e-02    1.5e-08
 964000    5.62e-02  6.55e-02    1.49e-04  5.48e-04    5.58e-02  6.42e-02    1.5e-08
 965000    9.10e-02  6.69e-02    2.98e-05  6.68e-04    9.03e-02  6.54e-02    1.5e-08
 966000    5.24e-02  5.24e-02    1.27e-03  1.27e-03    4.80e-02  4.80e-02    1.5e-08
 967000    5.47e-02  5.10e-02    7.55e-04  1.34e-03    5.28e-02  4.55e-02    1.5e-08
 968000    7.16e-02  8.82e-02    4.33e-04  1.63e-03    7.06e-02  8.27e-02    1.4e-08
 969000    5.25e-02  5.92e-02    3.45e-04  8.86e-04    5.18e-02  5.67e-02    1.4e-08
 970000    9.10e-02  8.88e-02    9.25e-04  1.91e-03    8.89e-02  8.16e-02    1.4e-08
 971000    5.25e-02  5.37e-02    3.47e-04  2.43e-04    5.18e-02  5.31e-02    1.4e-08
 972000    6.82e-02  8.07e-02    4.07e-04  1.54e-03    6.73e-02  7.51e-02    1.4e-08
 973000    6.32e-02  7.20e-02    3.01e-04  7.40e-04    6.26e-02  7.05e-02    1.4e-08
 974000    6.79e-02  6.61e-02    3.57e-04  4.07e-04    6.71e-02  6.53e-02    1.3e-08
 975000    9.06e-02  6.86e-02    8.00e-04  3.90e-04    8.89e-02  6.78e-02    1.3e-08
 976000    9.10e-02  7.37e-02    9.51e-04  5.36e-04    8.89e-02  7.26e-02    1.3e-08
 977000    5.61e-02  7.44e-02    1.02e-04  1.20e-03    5.57e-02  7.07e-02    1.3e-08
 978000    5.25e-02  5.76e-02    3.51e-04  1.55e-03    5.18e-02  5.04e-02    1.3e-08
 979000    6.62e-02  4.86e-02    7.96e-04  4.45e-04    6.44e-02  4.77e-02    1.3e-08
 980000    5.48e-02  6.40e-02    7.10e-05  1.02e-03    5.45e-02  6.11e-02    1.3e-08
 981000    6.79e-02  5.92e-02    4.05e-04  5.87e-04    6.71e-02  5.80e-02    1.3e-08
 982000    5.25e-02  5.69e-02    3.89e-04  2.24e-04    5.18e-02  5.65e-02    1.2e-08
 983000    9.09e-02  7.55e-02    3.57e-05  1.22e-03    9.03e-02  7.19e-02    1.2e-08
 984000    5.43e-02  5.14e-02    6.69e-04  4.12e-04    5.28e-02  5.06e-02    1.2e-08
 985000    9.08e-02  6.45e-02    2.83e-05  1.39e-03    9.03e-02  5.93e-02    1.2e-08
 986000    9.08e-02  9.40e-02    7.11e-05  9.96e-04    9.03e-02  9.18e-02    1.2e-08
 987000    6.79e-02  6.52e-02    3.85e-04  6.67e-04    6.71e-02  6.39e-02    1.2e-08
 988000    5.61e-02  4.45e-02    1.27e-04  8.48e-05    5.58e-02  4.42e-02    1.1e-08
 989000    6.60e-02  8.94e-02    7.28e-04  3.41e-03    6.44e-02  6.78e-02    1.1e-08
 990000    5.70e-02  7.25e-02    5.82e-04  1.17e-03    5.58e-02  6.92e-02    1.1e-08
 991000    6.14e-02  7.05e-02    1.15e-03  1.62e-03    5.78e-02  6.44e-02    1.1e-08
 992000    9.07e-02  6.88e-02    8.60e-04  6.23e-04    8.89e-02  6.75e-02    1.1e-08
 993000    4.73e-02  5.57e-02    1.46e-04  3.00e-04    4.70e-02  5.52e-02    1.1e-08
 994000    5.61e-02  6.41e-02    1.42e-04  7.70e-04    5.57e-02  6.22e-02    1.1e-08
 995000    6.78e-02  7.49e-02    3.80e-04  4.24e-04    6.71e-02  7.42e-02    1.1e-08
 996000    5.48e-02  4.94e-02    2.09e-05  3.97e-04    5.45e-02  4.87e-02    1.0e-08
 997000    6.32e-02  7.40e-02    3.31e-04  2.03e-03    6.26e-02  6.59e-02    1.0e-08
 998000    9.08e-02  6.89e-02    3.91e-05  1.41e-03    9.03e-02  6.39e-02    1.0e-08
 999000    6.06e-02  1.22e-01    1.01e-03  5.01e-03    5.78e-02  8.64e-02    1.0e-08
1000000    5.67e-02  6.35e-02    5.03e-04  1.84e-03    5.58e-02  5.45e-02    1.0e-08
